No.     Time               Source                Destination           Protocol Length Info
  16204 22:45:30.224019000 119.81.80.108         192.168.2.107         HTTP     1208   HTTP/1.1 200 OK  (image/vnd.microsoft.icon)

Frame 16204: 1208 bytes on wire (9664 bits), 1208 bytes captured (9664 bits) on interface 0
Ethernet II, Src: 00:18:f8:e1:96:06 (00:18:f8:e1:96:06), Dst: ec:55:f9:c6:93:65 (ec:55:f9:c6:93:65)
Internet Protocol Version 4, Src: 119.81.80.108 (119.81.80.108), Dst: 192.168.2.107 (192.168.2.107)
Transmission Control Protocol, Src Port: http (80), Dst Port: 39674 (39674), Seq: 14201, Ack: 797, Len: 1142
[11 Reassembled TCP Segments (15342 bytes): #16184(1420), #16186(1420), #16188(1420), #16190(1420), #16192(1420), #16194(1420), #16196(1420), #16198(1420), #16200(1420), #16202(1420), #16204(1142)]
Hypertext Transfer Protocol
Media Type
    Media Type: image/vnd.microsoft.icon (15086 bytes)

Frame (1208 bytes):
0000  ec 55 f9 c6 93 65 00 18 f8 e1 96 06 08 00 45 00   .U...e........E.
0010  04 aa e5 4a 40 00 37 06 cf 32 77 51 50 6c c0 a8   ...J@.7..2wQPl..
0020  02 6b 00 50 9a fa ed a5 4f 14 33 50 2a ec 80 19   .k.P....O.3P*...
0030  00 3c 8b 34 00 00 01 01 08 0a d7 84 f2 e9 00 2a   .<.4...........*
0040  a2 c3 00 00 00 00 00 00 00 00 00 00 00 00 00 00   ................
0050  ff ff ff 06 ff ff ff 06 ff ff ff 06 ff ff ff 93   ................
0060  ff ff ff 93 ff ff ff 93 ff ff ff ff ff ff ff ff   ................
0070  ff ff ff ff ff ff ff ff ff ff ff ff ff ff ff ff   ................
0080  ff ff ff ff ff ff ff ff ff ff ff ff ff ff ff ff   ................
0090  ff ff ff ff ff ff ff ff ff ff ff ff ff ff ff ff   ................
00a0  ff ff ff ff ff ff ff ff ff ff ff ff ff ff ff ff   ................
00b0  ff ff ff ff ff ff ff ff ff ff ff ff ff ff ff ff   ................
00c0  ff ff ff ff ff ff ff ff ff ff ff 9f ff ff ff 9f   ................
00d0  ff ff ff 9f ff ff ff 09 ff ff ff 09 ff ff ff 09   ................
00e0  00 00 00 00 00 00 00 00 00 00 00 00 00 00 00 00   ................
00f0  00 00 00 00 00 00 00 00 00 00 00 00 00 00 00 00   ................
0100  00 00 00 00 00 00 00 00 00 00 00 00 00 00 00 00   ................
0110  00 00 00 00 00 00 00 00 00 00 00 00 00 00 00 00   ................
0120  00 00 00 00 00 00 00 00 ff ff ff 30 ff ff ff 30   ...........0...0
0130  ff ff ff 30 ff ff ff 93 ff ff ff 93 ff ff ff 93   ...0............
0140  ff ff ff d5 ff ff ff d5 ff ff ff d5 ff ff ff ff   ................
0150  ff ff ff ff ff ff ff ff ff ff ff ff ff ff ff ff   ................
0160  ff ff ff ff ff ff ff d8 ff ff ff d8 ff ff ff d8   ................
0170  ff ff ff 99 ff ff ff 99 ff ff ff 99 ff ff ff 33   ...............3
0180  ff ff ff 33 ff ff ff 33 00 00 00 00 00 00 00 00   ...3...3........
0190  00 00 00 00 00 00 00 00 00 00 00 00 00 00 00 00   ................
01a0  00 00 00 00 00 00 00 00 00 00 00 00 00 00 00 00   ................
01b0  00 00 00 00 00 00 00 00 00 00 00 00 00 00 00 00   ................
01c0  00 00 00 00 00 00 00 00 00 00 00 00 00 00 00 00   ................
01d0  00 00 00 00 00 00 00 00 00 00 00 00 00 00 00 00   ................
01e0  00 00 00 00 00 00 00 00 ff ff ff 30 ff ff ff 30   ...........0...0
01f0  ff ff ff 30 ff ff ff 93 ff ff ff 93 ff ff ff 93   ...0............
0200  ff ff ff d5 ff ff ff d5 ff ff ff d5 ff ff ff ff   ................
0210  ff ff ff ff ff ff ff ff ff ff ff ff ff ff ff ff   ................
0220  ff ff ff ff ff ff ff d8 ff ff ff d8 ff ff ff d8   ................
0230  ff ff ff 99 ff ff ff 99 ff ff ff 99 ff ff ff 33   ...............3
0240  ff ff ff 33 ff ff ff 33 00 00 00 00 00 00 00 00   ...3...3........
0250  00 00 00 00 00 00 00 00 00 00 00 00 00 00 00 00   ................
0260  00 00 00 00 00 00 00 00 00 00 00 00 00 00 00 00   ................
0270  00 00 00 00 00 00 00 00 00 00 00 00 00 00 00 00   ................
0280  00 00 00 00 00 00 00 00 00 00 00 00 00 00 00 00   ................
0290  00 00 00 00 00 00 00 00 00 00 00 00 00 00 00 00   ................
02a0  00 00 00 00 00 00 00 00 ff ff ff 30 ff ff ff 30   ...........0...0
02b0  ff ff ff 30 ff ff ff 93 ff ff ff 93 ff ff ff 93   ...0............
02c0  ff ff ff d5 ff ff ff d5 ff ff ff d5 ff ff ff ff   ................
02d0  ff ff ff ff ff ff ff ff ff ff ff ff ff ff ff ff   ................
02e0  ff ff ff ff ff ff ff d8 ff ff ff d8 ff ff ff d8   ................
02f0  ff ff ff 99 ff ff ff 99 ff ff ff 99 ff ff ff 33   ...............3
0300  ff ff ff 33 ff ff ff 33 00 00 00 00 00 00 00 00   ...3...3........
0310  00 00 00 00 00 00 00 00 00 00 00 00 00 00 00 00   ................
0320  00 00 00 00 00 00 00 00 00 00 00 00 00 00 00 00   ................
0330  00 00 00 00 00 00 00 00 ff f0 00 00 0f ff 00 00   ................
0340  ff f0 00 00 0f ff 00 00 ff f0 00 00 0f ff 00 00   ................
0350  ff 80 00 00 01 ff 00 00 ff 80 00 00 01 ff 00 00   ................
0360  ff 80 00 00 01 ff 00 00 e0 00 00 00 00 07 00 00   ................
0370  e0 00 00 00 00 07 00 00 e0 00 00 00 00 07 00 00   ................
0380  e0 00 00 00 00 07 00 00 e0 00 00 00 00 07 00 00   ................
0390  e0 00 00 00 00 07 00 00 00 00 00 00 00 00 00 00   ................
03a0  00 00 00 00 00 00 00 00 00 00 00 00 00 00 00 00   ................
03b0  00 00 00 00 00 00 00 00 00 00 00 00 00 00 00 00   ................
03c0  00 00 00 00 00 00 00 00 00 00 00 00 00 00 00 00   ................
03d0  00 00 00 00 00 00 00 00 00 00 00 00 00 00 00 00   ................
03e0  00 00 00 00 00 00 00 00 00 00 00 00 00 00 00 00   ................
03f0  00 00 00 00 00 00 00 00 00 00 00 00 00 00 00 00   ................
0400  00 00 00 00 00 00 00 00 00 00 00 00 00 00 00 00   ................
0410  00 00 00 00 00 00 00 00 00 00 00 00 00 00 00 00   ................
0420  00 00 00 00 00 00 00 00 00 00 00 00 00 00 00 00   ................
0430  00 00 00 00 00 00 00 00 00 00 00 00 00 00 00 00   ................
0440  00 00 00 00 00 00 00 00 00 00 00 00 00 00 00 00   ................
0450  00 00 00 00 00 00 00 00 e0 00 00 00 00 07 00 00   ................
0460  e0 00 00 00 00 07 00 00 e0 00 00 00 00 07 00 00   ................
0470  e0 00 00 00 00 07 00 00 e0 00 00 00 00 07 00 00   ................
0480  e0 00 00 00 00 07 00 00 fc 00 00 00 00 3f 00 00   .............?..
0490  fc 00 00 00 00 3f 00 00 fc 00 00 00 00 3f 00 00   .....?.......?..
04a0  ff f0 00 00 0f ff 00 00 ff f0 00 00 0f ff 00 00   ................
04b0  ff f0 00 00 0f ff 00 00                           ........
Reassembled TCP (15342 bytes):
0000  48 54 54 50 2f 31 2e 31 20 32 30 30 20 4f 4b 0d   HTTP/1.1 200 OK.
0010  0a 44 61 74 65 3a 20 4d 6f 6e 2c 20 30 39 20 46   .Date: Mon, 09 F
0020  65 62 20 32 30 31 35 20 31 37 3a 31 35 3a 33 30   eb 2015 17:15:30
0030  20 47 4d 54 0d 0a 4c 61 73 74 2d 4d 6f 64 69 66    GMT..Last-Modif
0040  69 65 64 3a 20 4d 6f 6e 2c 20 30 39 20 46 65 62   ied: Mon, 09 Feb
0050  20 32 30 31 35 20 30 39 3a 34 38 3a 34 30 20 47    2015 09:48:40 G
0060  4d 54 0d 0a 41 63 63 65 70 74 2d 52 61 6e 67 65   MT..Accept-Range
0070  73 3a 20 62 79 74 65 73 0d 0a 43 6f 6e 74 65 6e   s: bytes..Conten
0080  74 2d 4c 65 6e 67 74 68 3a 20 31 35 30 38 36 0d   t-Length: 15086.
0090  0a 58 2d 42 3a 20 6f 6c 78 69 6e 2d 77 72 6b 2d   .X-B: olxin-wrk-
00a0  30 31 0d 0a 58 2d 54 3a 20 44 3d 32 31 36 20 74   01..X-T: D=216 t
00b0  3d 31 34 32 33 35 30 32 31 33 30 32 33 38 37 36   =142350213023876
00c0  33 0d 0a 43 6f 6e 6e 65 63 74 69 6f 6e 3a 20 63   3..Connection: c
00d0  6c 6f 73 65 0d 0a 43 6f 6e 74 65 6e 74 2d 54 79   lose..Content-Ty
00e0  70 65 3a 20 69 6d 61 67 65 2f 76 6e 64 2e 6d 69   pe: image/vnd.mi
00f0  63 72 6f 73 6f 66 74 2e 69 63 6f 6e 0d 0a 0d 0a   crosoft.icon....
0100  00 00 01 00 03 00 10 10 00 00 01 00 20 00 68 04   ............ .h.
0110  00 00 36 00 00 00 20 20 00 00 01 00 20 00 a8 10   ..6...  .... ...
0120  00 00 9e 04 00 00 30 30 00 00 01 00 20 00 a8 25   ......00.... ..%
0130  00 00 46 15 00 00 28 00 00 00 10 00 00 00 20 00   ..F...(....... .
0140  00 00 01 00 20 00 00 00 00 00 00 04 00 00 00 00   .... ...........
0150  00 00 00 00 00 00 00 00 00 00 00 00 00 00 ff ff   ................
0160  ff 00 ff ff ff 00 ff ff ff 00 ff ff ff 00 ff ff   ................
0170  ff 21 ff ff ff 8d ff ff ff cc ff ff ff ff ff ff   .!..............
0180  ff ff ff ff ff cf ff ff ff 90 ff ff ff 27 ff ff   .............'..
0190  ff 00 ff ff ff 00 ff ff ff 00 ff ff ff 00 ff ff   ................
01a0  ff 00 ff ff ff 00 ff ff ff 00 ff ff ff 72 ff ff   .............r..
01b0  ff f3 ff ff ff ff ff ff ff ff ff ff ff ff ff ff   ................
01c0  ff ff ff ff ff ff ff ff ff ff ff ff ff f6 ff ff   ................
01d0  ff 72 ff ff ff 00 ff ff ff 00 ff ff ff 00 ff ff   .r..............
01e0  ff 00 ff ff ff 06 ff ff ff b7 ff ff ff ff ff ff   ................
01f0  ff ff ff ff ff ff ff ff ff ff ff ff ff ff ff ff   ................
0200  ff ff ff ff ff ff ff ff ff ff ff ff ff ff ff ff   ................
0210  ff ff ff ff ff c0 ff ff ff 06 ff ff ff 00 ff ff   ................
0220  ff 00 ff ff ff 90 ff ff ff ff ff ff ff ff ff ff   ................
0230  ff ff ff ff ff ff ff ff ff ff ff ff ff ff ff ff   ................
0240  ff ff ff ff ff ff ff ff ff ff ff ff ff ff ff ff   ................
0250  ff ff ff ff ff ff ff ff ff 9c ff ff ff 00 ff ff   ................
0260  ff 2d ff ff ff fc fe fd fd ff ee e2 e7 ff fc fa   .-..............
0270  fb ff ff ff ff ff ff ff ff ff ff ff ff ff ff ff   ................
0280  ff ff fe fe ff ff f6 fb fe ff ff ff ff ff fc fe   ................
0290  ff ff 88 c5 f7 ff dd ee fd ff ff ff ff 30 ff ff   .............0..
02a0  ff 93 fb f8 fa ff 95 42 6a ff 94 43 6a ff 89 2e   .......Bj..Cj...
02b0  5a ff f6 ee f2 ff ff ff ff ff ff ff ff ff ff ff   Z...............
02c0  ff ff ba dd fb ff 1f 92 ef ff fe ff ff ff af d9   ................
02d0  f9 ff 00 76 eb ff 9e d1 f8 ff ff ff ff 9f ff ff   ...v............
02e0  ff db ad 6d 8c ff b7 7f 9b ff ff ff ff ff d2 af   ...m............
02f0  bf ff 9b 45 6d ff f6 fb fc ff c1 f0 ef ff c3 f0   ...Em...........
0300  ee ff a8 df f1 ff 07 82 ee ff 6a b7 f4 ff 18 8f   ..........j.....
0310  ef ff 45 a6 f2 ff ff ff ff ff ff ff ff de ff ff   ..E.............
0320  ff f9 78 11 43 ff e1 cb d5 ff ff ff ff ff ef e3   ..x.C...........
0330  e8 ff 89 19 4a ff 7c c1 c7 ff 00 c2 be ff 00 bd   ....J.|.........
0340  ba ff 94 e7 e1 ff df f0 fd ff 00 80 ed ff 0e 89   ................
0350  ee ff f2 f9 fe ff ff ff ff ff ff ff ff f9 ff ff   ................
0360  ff f9 84 25 53 ff da be cc ff ff ff ff ff eb dd   ...%S...........
0370  e3 ff 8a 1d 4e ff 7f cc cf ff 31 d0 cd ff fb fe   ....N.....1.....
0380  fe ff ff ff ff ff fa fd ff ff 00 83 ed ff 17 90   ................
0390  ef ff fe fe ff ff ff ff ff ff ff ff ff f9 ff ff   ................
03a0  ff db d8 bb c9 ff 88 2e 59 ff f3 e9 ed ff a1 56   ........Y......V
03b0  7a ff ca 9b b0 ff 9b ea e9 ff 37 ce cb ff ff ff   z.........7.....
03c0  ff ff ff ff ff ff 86 c6 f7 ff 46 a6 f2 ff 80 c2   ..........F.....
03d0  f7 ff 77 bf f6 ff ff ff ff ff ff ff ff de ff ff   ..w.............
03e0  ff 93 ff ff ff ff d8 ba c8 ff 97 49 6e ff cc a1   ...........In...
03f0  b4 ff fe ff ff ff 83 e2 e0 ff 2e cb c8 ff ff ff   ................
0400  ff ff fe fe ff ff 5f b2 f4 ff f1 f8 fe ff ff ff   ......_.........
0410  ff ff 6b b9 f5 ff e7 f3 fd ff ff ff ff 9f ff ff   ..k.............
0420  ff 2d ff ff ff fc ff ff ff ff ff ff ff ff ff ff   .-..............
0430  ff ff ff ff ff ff c6 f1 f0 ff 99 e5 e5 ff ff ff   ................
0440  ff ff ff ff ff ff ff ff ff ff ff ff ff ff ff ff   ................
0450  ff ff ff ff ff ff ff ff ff ff ff ff ff 30 ff ff   .............0..
0460  ff 00 ff ff ff 93 ff ff ff ff ff ff ff ff ff ff   ................
0470  ff ff ff ff ff ff ff ff ff ff ff ff ff ff ff ff   ................
0480  ff ff ff ff ff ff ff ff ff ff ff ff ff ff ff ff   ................
0490  ff ff ff ff ff ff ff ff ff 9c ff ff ff 00 ff ff   ................
04a0  ff 00 ff ff ff 06 ff ff ff c3 ff ff ff ff ff ff   ................
04b0  ff ff ff ff ff ff ff ff ff ff ff ff ff ff ff ff   ................
04c0  ff ff ff ff ff ff ff ff ff ff ff ff ff ff ff ff   ................
04d0  ff ff ff ff ff c6 ff ff ff 09 ff ff ff 00 ff ff   ................
04e0  ff 00 ff ff ff 00 ff ff ff 06 ff ff ff 93 ff ff   ................
04f0  ff ff ff ff ff ff ff ff ff ff ff ff ff ff ff ff   ................
0500  ff ff ff ff ff ff ff ff ff ff ff ff ff ff ff ff   ................
0510  ff 9f ff ff ff 09 ff ff ff 00 ff ff ff 00 ff ff   ................
0520  ff 00 ff ff ff 00 ff ff ff 00 ff ff ff 00 ff ff   ................
0530  ff 30 ff ff ff 93 ff ff ff d5 ff ff ff ff ff ff   .0..............
0540  ff ff ff ff ff d8 ff ff ff 99 ff ff ff 33 ff ff   .............3..
0550  ff 00 ff ff ff 00 ff ff ff 00 ff ff ff 00 f0 0f   ................
0560  00 00 e0 07 00 00 80 01 00 00 80 01 00 00 00 00   ................
0570  00 00 00 00 00 00 00 00 00 00 00 00 00 00 00 00   ................
0580  00 00 00 00 00 00 00 00 00 00 00 00 00 00 80 01   ................
0590  00 00 80 01 00 00 c0 03 00 00 f0 0f 00 00 28 00   ..............(.
05a0  00 00 20 00 00 00 40 00 00 00 01 00 20 00 00 00   .. ...@..... ...
05b0  00 00 00 10 00 00 00 00 00 00 00 00 00 00 00 00   ................
05c0  00 00 00 00 00 00 00 00 00 00 00 00 00 00 00 00   ................
05d0  00 00 00 00 00 00 00 00 00 00 00 00 00 00 00 00   ................
05e0  00 00 00 00 00 00 ff ff ff 21 ff ff ff 21 ff ff   .........!...!..
05f0  ff 8d ff ff ff 8d ff ff ff cc ff ff ff cc ff ff   ................
0600  ff ff ff ff ff ff ff ff ff ff ff ff ff ff ff ff   ................
0610  ff cf ff ff ff cf ff ff ff 90 ff ff ff 90 ff ff   ................
0620  ff 27 ff ff ff 27 00 00 00 00 00 00 00 00 00 00   .'...'..........
0630  00 00 00 00 00 00 00 00 00 00 00 00 00 00 00 00   ................
0640  00 00 00 00 00 00 00 00 00 00 00 00 00 00 00 00   ................
0650  00 00 00 00 00 00 00 00 00 00 00 00 00 00 00 00   ................
0660  00 00 00 00 00 00 ff ff ff 21 ff ff ff 21 ff ff   .........!...!..
0670  ff 8d ff ff ff 8d ff ff ff cc ff ff ff cc ff ff   ................
0680  ff ff ff ff ff ff ff ff ff ff ff ff ff ff ff ff   ................
0690  ff cf ff ff ff cf ff ff ff 90 ff ff ff 90 ff ff   ................
06a0  ff 27 ff ff ff 27 00 00 00 00 00 00 00 00 00 00   .'...'..........
06b0  00 00 00 00 00 00 00 00 00 00 00 00 00 00 00 00   ................
06c0  00 00 00 00 00 00 00 00 00 00 00 00 00 00 00 00   ................
06d0  00 00 00 00 00 00 00 00 00 00 00 00 00 00 ff ff   ................
06e0  ff 72 ff ff ff 72 ff ff ff f3 ff ff ff f3 ff ff   .r...r..........
06f0  ff ff ff ff ff ff ff ff ff ff ff ff ff ff ff ff   ................
0700  ff ff ff ff ff ff ff ff ff ff ff ff ff ff ff ff   ................
0710  ff ff ff ff ff ff ff ff ff ff ff ff ff ff ff ff   ................
0720  ff f6 ff ff ff f6 ff ff ff 72 ff ff ff 72 00 00   .........r...r..
0730  00 00 00 00 00 00 00 00 00 00 00 00 00 00 00 00   ................
0740  00 00 00 00 00 00 00 00 00 00 00 00 00 00 00 00   ................
0750  00 00 00 00 00 00 00 00 00 00 00 00 00 00 ff ff   ................
0760  ff 72 ff ff ff 72 ff ff ff f3 ff ff ff f3 ff ff   .r...r..........
0770  ff ff ff ff ff ff ff ff ff ff ff ff ff ff ff ff   ................
0780  ff ff ff ff ff ff ff ff ff ff ff ff ff ff ff ff   ................
0790  ff ff ff ff ff ff ff ff ff ff ff ff ff ff ff ff   ................
07a0  ff f6 ff ff ff f6 ff ff ff 72 ff ff ff 72 00 00   .........r...r..
07b0  00 00 00 00 00 00 00 00 00 00 00 00 00 00 00 00   ................
07c0  00 00 00 00 00 00 00 00 00 00 00 00 00 00 ff ff   ................
07d0  ff 06 ff ff ff 06 ff ff ff b7 ff ff ff b7 ff ff   ................
07e0  ff ff ff ff ff ff ff ff ff ff ff ff ff ff ff ff   ................
07f0  ff ff ff ff ff ff ff ff ff ff ff ff ff ff ff ff   ................
0800  ff ff ff ff ff ff ff ff ff ff ff ff ff ff ff ff   ................
0810  ff ff ff ff ff ff ff ff ff ff ff ff ff ff ff ff   ................
0820  ff ff ff ff ff ff ff ff ff ff ff ff ff ff ff ff   ................
0830  ff c0 ff ff ff c0 ff ff ff 06 ff ff ff 06 00 00   ................
0840  00 00 00 00 00 00 00 00 00 00 00 00 00 00 ff ff   ................
0850  ff 06 ff ff ff 06 ff ff ff b7 ff ff ff b7 ff ff   ................
0860  ff ff ff ff ff ff ff ff ff ff ff ff ff ff ff ff   ................
0870  ff ff ff ff ff ff ff ff ff ff ff ff ff ff ff ff   ................
0880  ff ff ff ff ff ff ff ff ff ff ff ff ff ff ff ff   ................
0890  ff ff ff ff ff ff ff ff ff ff ff ff ff ff ff ff   ................
08a0  ff ff ff ff ff ff ff ff ff ff ff ff ff ff ff ff   ................
08b0  ff c0 ff ff ff c0 ff ff ff 06 ff ff ff 06 00 00   ................
08c0  00 00 00 00 00 00 00 00 00 00 00 00 00 00 ff ff   ................
08d0  ff 90 ff ff ff 90 ff ff ff ff ff ff ff ff ff ff   ................
08e0  ff ff ff ff ff ff ff ff ff ff ff ff ff ff ff ff   ................
08f0  ff ff ff ff ff ff ff ff ff ff ff ff ff ff ff ff   ................
0900  ff ff ff ff ff ff ff ff ff ff ff ff ff ff ff ff   ................
0910  ff ff ff ff ff ff ff ff ff ff ff ff ff ff ff ff   ................
0920  ff ff ff ff ff ff ff ff ff ff ff ff ff ff ff ff   ................
0930  ff ff ff ff ff ff ff ff ff 9c ff ff ff 9c 00 00   ................
0940  00 00 00 00 00 00 00 00 00 00 00 00 00 00 ff ff   ................
0950  ff 90 ff ff ff 90 ff ff ff ff ff ff ff ff ff ff   ................
0960  ff ff ff ff ff ff ff ff ff ff ff ff ff ff ff ff   ................
0970  ff ff ff ff ff ff ff ff ff ff ff ff ff ff ff ff   ................
0980  ff ff ff ff ff ff ff ff ff ff ff ff ff ff ff ff   ................
0990  ff ff ff ff ff ff ff ff ff ff ff ff ff ff ff ff   ................
09a0  ff ff ff ff ff ff ff ff ff ff ff ff ff ff ff ff   ................
09b0  ff ff ff ff ff ff ff ff ff 9c ff ff ff 9c 00 00   ................
09c0  00 00 00 00 00 00 ff ff ff 2d ff ff ff 2d ff ff   .........-...-..
09d0  ff fc ff ff ff fc fe fd fd ff fe fd fd ff ee e2   ................
09e0  e7 ff ee e2 e7 ff fc fa fb ff fc fa fb ff ff ff   ................
09f0  ff ff ff ff ff ff ff ff ff ff ff ff ff ff ff ff   ................
0a00  ff ff ff ff ff ff ff ff ff ff ff ff ff ff fe fe   ................
0a10  ff ff fe fe ff ff f6 fb fe ff f6 fb fe ff ff ff   ................
0a20  ff ff ff ff ff ff fc fe ff ff fc fe ff ff 88 c5   ................
0a30  f7 ff 88 c5 f7 ff dd ee fd ff dd ee fd ff ff ff   ................
0a40  ff 30 ff ff ff 30 ff ff ff 2d ff ff ff 2d ff ff   .0...0...-...-..
0a50  ff fc ff ff ff fc fe fd fd ff fe fd fd ff ee e2   ................
0a60  e7 ff ee e2 e7 ff fc fa fb ff fc fa fb ff ff ff   ................
0a70  ff ff ff ff ff ff ff ff ff ff ff ff ff ff ff ff   ................
0a80  ff ff ff ff ff ff ff ff ff ff ff ff ff ff fe fe   ................
0a90  ff ff fe fe ff ff f6 fb fe ff f6 fb fe ff ff ff   ................
0aa0  ff ff ff ff ff ff fc fe ff ff fc fe ff ff 88 c5   ................
0ab0  f7 ff 88 c5 f7 ff dd ee fd ff dd ee fd ff ff ff   ................
0ac0  ff 30 ff ff ff 30 ff ff ff 93 ff ff ff 93 fb f8   .0...0..........
0ad0  fa ff fb f8 fa ff 95 42 6a ff 95 42 6a ff 94 43   .......Bj..Bj..C
0ae0  6a ff 94 43 6a ff 89 2e 5a ff 89 2e 5a ff f6 ee   j..Cj...Z...Z...
0af0  f2 ff f6 ee f2 ff ff ff ff ff ff ff ff ff ff ff   ................
0b00  ff ff ff ff ff ff ff ff ff ff ff ff ff ff ba dd   ................
0b10  fb ff ba dd fb ff 1f 92 ef ff 1f 92 ef ff fe ff   ................
0b20  ff ff fe ff ff ff af d9 f9 ff af d9 f9 ff 00 76   ...............v
0b30  eb ff 00 76 eb ff 9e d1 f8 ff 9e d1 f8 ff ff ff   ...v............
0b40  ff 9f ff ff ff 9f ff ff ff 93 ff ff ff 93 fb f8   ................
0b50  fa ff fb f8 fa ff 95 42 6a ff 95 42 6a ff 94 43   .......Bj..Bj..C
0b60  6a ff 94 43 6a ff 89 2e 5a ff 89 2e 5a ff f6 ee   j..Cj...Z...Z...
0b70  f2 ff f6 ee f2 ff ff ff ff ff ff ff ff ff ff ff   ................
0b80  ff ff ff ff ff ff ff ff ff ff ff ff ff ff ba dd   ................
0b90  fb ff ba dd fb ff 1f 92 ef ff 1f 92 ef ff fe ff   ................
0ba0  ff ff fe ff ff ff af d9 f9 ff af d9 f9 ff 00 76   ...............v
0bb0  eb ff 00 76 eb ff 9e d1 f8 ff 9e d1 f8 ff ff ff   ...v............
0bc0  ff 9f ff ff ff 9f ff ff ff db ff ff ff db ad 6d   ...............m
0bd0  8c ff ad 6d 8c ff b7 7f 9b ff b7 7f 9b ff ff ff   ...m............
0be0  ff ff ff ff ff ff d2 af bf ff d2 af bf ff 9b 45   ...............E
0bf0  6d ff 9b 45 6d ff f6 fb fc ff f6 fb fc ff c1 f0   m..Em...........
0c00  ef ff c1 f0 ef ff c3 f0 ee ff c3 f0 ee ff a8 df   ................
0c10  f1 ff a8 df f1 ff 07 82 ee ff 07 82 ee ff 6a b7   ..............j.
0c20  f4 ff 6a b7 f4 ff 18 8f ef ff 18 8f ef ff 45 a6   ..j...........E.
0c30  f2 ff 45 a6 f2 ff ff ff ff ff ff ff ff ff ff ff   ..E.............
0c40  ff de ff ff ff de ff ff ff db ff ff ff db ad 6d   ...............m
0c50  8c ff ad 6d 8c ff b7 7f 9b ff b7 7f 9b ff ff ff   ...m............
0c60  ff ff ff ff ff ff d2 af bf ff d2 af bf ff 9b 45   ...............E
0c70  6d ff 9b 45 6d ff f6 fb fc ff f6 fb fc ff c1 f0   m..Em...........
0c80  ef ff c1 f0 ef ff c3 f0 ee ff c3 f0 ee ff a8 df   ................
0c90  f1 ff a8 df f1 ff 07 82 ee ff 07 82 ee ff 6a b7   ..............j.
0ca0  f4 ff 6a b7 f4 ff 18 8f ef ff 18 8f ef ff 45 a6   ..j...........E.
0cb0  f2 ff 45 a6 f2 ff ff ff ff ff ff ff ff ff ff ff   ..E.............
0cc0  ff de ff ff ff de ff ff ff f9 ff ff ff f9 78 11   ..............x.
0cd0  43 ff 78 11 43 ff e1 cb d5 ff e1 cb d5 ff ff ff   C.x.C...........
0ce0  ff ff ff ff ff ff ef e3 e8 ff ef e3 e8 ff 89 19   ................
0cf0  4a ff 89 19 4a ff 7c c1 c7 ff 7c c1 c7 ff 00 c2   J...J.|...|.....
0d00  be ff 00 c2 be ff 00 bd ba ff 00 bd ba ff 94 e7   ................
0d10  e1 ff 94 e7 e1 ff df f0 fd ff df f0 fd ff 00 80   ................
0d20  ed ff 00 80 ed ff 0e 89 ee ff 0e 89 ee ff f2 f9   ................
0d30  fe ff f2 f9 fe ff ff ff ff ff ff ff ff ff ff ff   ................
0d40  ff f9 ff ff ff f9 ff ff ff f9 ff ff ff f9 78 11   ..............x.
0d50  43 ff 78 11 43 ff e1 cb d5 ff e1 cb d5 ff ff ff   C.x.C...........
0d60  ff ff ff ff ff ff ef e3 e8 ff ef e3 e8 ff 89 19   ................
0d70  4a ff 89 19 4a ff 7c c1 c7 ff 7c c1 c7 ff 00 c2   J...J.|...|.....
0d80  be ff 00 c2 be ff 00 bd ba ff 00 bd ba ff 94 e7   ................
0d90  e1 ff 94 e7 e1 ff df f0 fd ff df f0 fd ff 00 80   ................
0da0  ed ff 00 80 ed ff 0e 89 ee ff 0e 89 ee ff f2 f9   ................
0db0  fe ff f2 f9 fe ff ff ff ff ff ff ff ff ff ff ff   ................
0dc0  ff f9 ff ff ff f9 ff ff ff f9 ff ff ff f9 84 25   ...............%
0dd0  53 ff 84 25 53 ff da be cc ff da be cc ff ff ff   S..%S...........
0de0  ff ff ff ff ff ff eb dd e3 ff eb dd e3 ff 8a 1d   ................
0df0  4e ff 8a 1d 4e ff 7f cc cf ff 7f cc cf ff 31 d0   N...N.........1.
0e00  cd ff 31 d0 cd ff fb fe fe ff fb fe fe ff ff ff   ..1.............
0e10  ff ff ff ff ff ff fa fd ff ff fa fd ff ff 00 83   ................
0e20  ed ff 00 83 ed ff 17 90 ef ff 17 90 ef ff fe fe   ................
0e30  ff ff fe fe ff ff ff ff ff ff ff ff ff ff ff ff   ................
0e40  ff f9 ff ff ff f9 ff ff ff f9 ff ff ff f9 84 25   ...............%
0e50  53 ff 84 25 53 ff da be cc ff da be cc ff ff ff   S..%S...........
0e60  ff ff ff ff ff ff eb dd e3 ff eb dd e3 ff 8a 1d   ................
0e70  4e ff 8a 1d 4e ff 7f cc cf ff 7f cc cf ff 31 d0   N...N.........1.
0e80  cd ff 31 d0 cd ff fb fe fe ff fb fe fe ff ff ff   ..1.............
0e90  ff ff ff ff ff ff fa fd ff ff fa fd ff ff 00 83   ................
0ea0  ed ff 00 83 ed ff 17 90 ef ff 17 90 ef ff fe fe   ................
0eb0  ff ff fe fe ff ff ff ff ff ff ff ff ff ff ff ff   ................
0ec0  ff f9 ff ff ff f9 ff ff ff db ff ff ff db d8 bb   ................
0ed0  c9 ff d8 bb c9 ff 88 2e 59 ff 88 2e 59 ff f3 e9   ........Y...Y...
0ee0  ed ff f3 e9 ed ff a1 56 7a ff a1 56 7a ff ca 9b   .......Vz..Vz...
0ef0  b0 ff ca 9b b0 ff 9b ea e9 ff 9b ea e9 ff 37 ce   ..............7.
0f00  cb ff 37 ce cb ff ff ff ff ff ff ff ff ff ff ff   ..7.............
0f10  ff ff ff ff ff ff 86 c6 f7 ff 86 c6 f7 ff 46 a6   ..............F.
0f20  f2 ff 46 a6 f2 ff 80 c2 f7 ff 80 c2 f7 ff 77 bf   ..F...........w.
0f30  f6 ff 77 bf f6 ff ff ff ff ff ff ff ff ff ff ff   ..w.............
0f40  ff de ff ff ff de ff ff ff db ff ff ff db d8 bb   ................
0f50  c9 ff d8 bb c9 ff 88 2e 59 ff 88 2e 59 ff f3 e9   ........Y...Y...
0f60  ed ff f3 e9 ed ff a1 56 7a ff a1 56 7a ff ca 9b   .......Vz..Vz...
0f70  b0 ff ca 9b b0 ff 9b ea e9 ff 9b ea e9 ff 37 ce   ..............7.
0f80  cb ff 37 ce cb ff ff ff ff ff ff ff ff ff ff ff   ..7.............
0f90  ff ff ff ff ff ff 86 c6 f7 ff 86 c6 f7 ff 46 a6   ..............F.
0fa0  f2 ff 46 a6 f2 ff 80 c2 f7 ff 80 c2 f7 ff 77 bf   ..F...........w.
0fb0  f6 ff 77 bf f6 ff ff ff ff ff ff ff ff ff ff ff   ..w.............
0fc0  ff de ff ff ff de ff ff ff 93 ff ff ff 93 ff ff   ................
0fd0  ff ff ff ff ff ff d8 ba c8 ff d8 ba c8 ff 97 49   ...............I
0fe0  6e ff 97 49 6e ff cc a1 b4 ff cc a1 b4 ff fe ff   n..In...........
0ff0  ff ff fe ff ff ff 83 e2 e0 ff 83 e2 e0 ff 2e cb   ................
1000  c8 ff 2e cb c8 ff ff ff ff ff ff ff ff ff fe fe   ................
1010  ff ff fe fe ff ff 5f b2 f4 ff 5f b2 f4 ff f1 f8   ......_..._.....
1020  fe ff f1 f8 fe ff ff ff ff ff ff ff ff ff 6b b9   ..............k.
1030  f5 ff 6b b9 f5 ff e7 f3 fd ff e7 f3 fd ff ff ff   ..k.............
1040  ff 9f ff ff ff 9f ff ff ff 93 ff ff ff 93 ff ff   ................
1050  ff ff ff ff ff ff d8 ba c8 ff d8 ba c8 ff 97 49   ...............I
1060  6e ff 97 49 6e ff cc a1 b4 ff cc a1 b4 ff fe ff   n..In...........
1070  ff ff fe ff ff ff 83 e2 e0 ff 83 e2 e0 ff 2e cb   ................
1080  c8 ff 2e cb c8 ff ff ff ff ff ff ff ff ff fe fe   ................
1090  ff ff fe fe ff ff 5f b2 f4 ff 5f b2 f4 ff f1 f8   ......_..._.....
10a0  fe ff f1 f8 fe ff ff ff ff ff ff ff ff ff 6b b9   ..............k.
10b0  f5 ff 6b b9 f5 ff e7 f3 fd ff e7 f3 fd ff ff ff   ..k.............
10c0  ff 9f ff ff ff 9f ff ff ff 2d ff ff ff 2d ff ff   .........-...-..
10d0  ff fc ff ff ff fc ff ff ff ff ff ff ff ff ff ff   ................
10e0  ff ff ff ff ff ff ff ff ff ff ff ff ff ff ff ff   ................
10f0  ff ff ff ff ff ff c6 f1 f0 ff c6 f1 f0 ff 99 e5   ................
1100  e5 ff 99 e5 e5 ff ff ff ff ff ff ff ff ff ff ff   ................
1110  ff ff ff ff ff ff ff ff ff ff ff ff ff ff ff ff   ................
1120  ff ff ff ff ff ff ff ff ff ff ff ff ff ff ff ff   ................
1130  ff ff ff ff ff ff ff ff ff ff ff ff ff ff ff ff   ................
1140  ff 30 ff ff ff 30 ff ff ff 2d ff ff ff 2d ff ff   .0...0...-...-..
1150  ff fc ff ff ff fc ff ff ff ff ff ff ff ff ff ff   ................
1160  ff ff ff ff ff ff ff ff ff ff ff ff ff ff ff ff   ................
1170  ff ff ff ff ff ff c6 f1 f0 ff c6 f1 f0 ff 99 e5   ................
1180  e5 ff 99 e5 e5 ff ff ff ff ff ff ff ff ff ff ff   ................
1190  ff ff ff ff ff ff ff ff ff ff ff ff ff ff ff ff   ................
11a0  ff ff ff ff ff ff ff ff ff ff ff ff ff ff ff ff   ................
11b0  ff ff ff ff ff ff ff ff ff ff ff ff ff ff ff ff   ................
11c0  ff 30 ff ff ff 30 00 00 00 00 00 00 00 00 ff ff   .0...0..........
11d0  ff 93 ff ff ff 93 ff ff ff ff ff ff ff ff ff ff   ................
11e0  ff ff ff ff ff ff ff ff ff ff ff ff ff ff ff ff   ................
11f0  ff ff ff ff ff ff ff ff ff ff ff ff ff ff ff ff   ................
1200  ff ff ff ff ff ff ff ff ff ff ff ff ff ff ff ff   ................
1210  ff ff ff ff ff ff ff ff ff ff ff ff ff ff ff ff   ................
1220  ff ff ff ff ff ff ff ff ff ff ff ff ff ff ff ff   ................
1230  ff ff ff ff ff ff ff ff ff 9c ff ff ff 9c 00 00   ................
1240  00 00 00 00 00 00 00 00 00 00 00 00 00 00 ff ff   ................
1250  ff 93 ff ff ff 93 ff ff ff ff ff ff ff ff ff ff   ................
1260  ff ff ff ff ff ff ff ff ff ff ff ff ff ff ff ff   ................
1270  ff ff ff ff ff ff ff ff ff ff ff ff ff ff ff ff   ................
1280  ff ff ff ff ff ff ff ff ff ff ff ff ff ff ff ff   ................
1290  ff ff ff ff ff ff ff ff ff ff ff ff ff ff ff ff   ................
12a0  ff ff ff ff ff ff ff ff ff ff ff ff ff ff ff ff   ................
12b0  ff ff ff ff ff ff ff ff ff 9c ff ff ff 9c 00 00   ................
12c0  00 00 00 00 00 00 00 00 00 00 00 00 00 00 ff ff   ................
12d0  ff 06 ff ff ff 06 ff ff ff c3 ff ff ff c3 ff ff   ................
12e0  ff ff ff ff ff ff ff ff ff ff ff ff ff ff ff ff   ................
12f0  ff ff ff ff ff ff ff ff ff ff ff ff ff ff ff ff   ................
1300  ff ff ff ff ff ff ff ff ff ff ff ff ff ff ff ff   ................
1310  ff ff ff ff ff ff ff ff ff ff ff ff ff ff ff ff   ................
1320  ff ff ff ff ff ff ff ff ff ff ff ff ff ff ff ff   ................
1330  ff c6 ff ff ff c6 ff ff ff 09 ff ff ff 09 00 00   ................
1340  00 00 00 00 00 00 00 00 00 00 00 00 00 00 ff ff   ................
1350  ff 06 ff ff ff 06 ff ff ff c3 ff ff ff c3 ff ff   ................
1360  ff ff ff ff ff ff ff ff ff ff ff ff ff ff ff ff   ................
1370  ff ff ff ff ff ff ff ff ff ff ff ff ff ff ff ff   ................
1380  ff ff ff ff ff ff ff ff ff ff ff ff ff ff ff ff   ................
1390  ff ff ff ff ff ff ff ff ff ff ff ff ff ff ff ff   ................
13a0  ff ff ff ff ff ff ff ff ff ff ff ff ff ff ff ff   ................
13b0  ff c6 ff ff ff c6 ff ff ff 09 ff ff ff 09 00 00   ................
13c0  00 00 00 00 00 00 00 00 00 00 00 00 00 00 00 00   ................
13d0  00 00 00 00 00 00 ff ff ff 06 ff ff ff 06 ff ff   ................
13e0  ff 93 ff ff ff 93 ff ff ff ff ff ff ff ff ff ff   ................
13f0  ff ff ff ff ff ff ff ff ff ff ff ff ff ff ff ff   ................
1400  ff ff ff ff ff ff ff ff ff ff ff ff ff ff ff ff   ................
1410  ff ff ff ff ff ff ff ff ff ff ff ff ff ff ff ff   ................
1420  ff ff ff ff ff ff ff ff ff 9f ff ff ff 9f ff ff   ................
1430  ff 09 ff ff ff 09 00 00 00 00 00 00 00 00 00 00   ................
1440  00 00 00 00 00 00 00 00 00 00 00 00 00 00 00 00   ................
1450  00 00 00 00 00 00 ff ff ff 06 ff ff ff 06 ff ff   ................
1460  ff 93 ff ff ff 93 ff ff ff ff ff ff ff ff ff ff   ................
1470  ff ff ff ff ff ff ff ff ff ff ff ff ff ff ff ff   ................
1480  ff ff ff ff ff ff ff ff ff ff ff ff ff ff ff ff   ................
1490  ff ff ff ff ff ff ff ff ff ff ff ff ff ff ff ff   ................
14a0  ff ff ff ff ff ff ff ff ff 9f ff ff ff 9f ff ff   ................
14b0  ff 09 ff ff ff 09 00 00 00 00 00 00 00 00 00 00   ................
14c0  00 00 00 00 00 00 00 00 00 00 00 00 00 00 00 00   ................
14d0  00 00 00 00 00 00 00 00 00 00 00 00 00 00 00 00   ................
14e0  00 00 00 00 00 00 ff ff ff 30 ff ff ff 30 ff ff   .........0...0..
14f0  ff 93 ff ff ff 93 ff ff ff d5 ff ff ff d5 ff ff   ................
1500  ff ff ff ff ff ff ff ff ff ff ff ff ff ff ff ff   ................
1510  ff d8 ff ff ff d8 ff ff ff 99 ff ff ff 99 ff ff   ................
1520  ff 33 ff ff ff 33 00 00 00 00 00 00 00 00 00 00   .3...3..........
1530  00 00 00 00 00 00 00 00 00 00 00 00 00 00 00 00   ................
1540  00 00 00 00 00 00 00 00 00 00 00 00 00 00 00 00   ................
1550  00 00 00 00 00 00 00 00 00 00 00 00 00 00 00 00   ................
1560  00 00 00 00 00 00 ff ff ff 30 ff ff ff 30 ff ff   .........0...0..
1570  ff 93 ff ff ff 93 ff ff ff d5 ff ff ff d5 ff ff   ................
1580  ff ff ff ff ff ff ff ff ff ff ff ff ff ff ff ff   ................
1590  ff d8 ff ff ff d8 ff ff ff 99 ff ff ff 99 ff ff   ................
15a0  ff 33 ff ff ff 33 00 00 00 00 00 00 00 00 00 00   .3...3..........
15b0  00 00 00 00 00 00 00 00 00 00 00 00 00 00 00 00   ................
15c0  00 00 00 00 00 00 ff 00 00 ff ff 00 00 ff fc 00   ................
15d0  00 3f fc 00 00 3f c0 00 00 03 c0 00 00 03 c0 00   .?...?..........
15e0  00 03 c0 00 00 03 00 00 00 00 00 00 00 00 00 00   ................
15f0  00 00 00 00 00 00 00 00 00 00 00 00 00 00 00 00   ................
1600  00 00 00 00 00 00 00 00 00 00 00 00 00 00 00 00   ................
1610  00 00 00 00 00 00 00 00 00 00 00 00 00 00 00 00   ................
1620  00 00 00 00 00 00 c0 00 00 03 c0 00 00 03 c0 00   ................
1630  00 03 c0 00 00 03 f0 00 00 0f f0 00 00 0f ff 00   ................
1640  00 ff ff 00 00 ff 28 00 00 00 30 00 00 00 60 00   ......(...0...`.
1650  00 00 01 00 20 00 00 00 00 00 00 24 00 00 00 00   .... ......$....
1660  00 00 00 00 00 00 00 00 00 00 00 00 00 00 00 00   ................
1670  00 00 00 00 00 00 00 00 00 00 00 00 00 00 00 00   ................
1680  00 00 00 00 00 00 00 00 00 00 00 00 00 00 00 00   ................
1690  00 00 00 00 00 00 00 00 00 00 00 00 00 00 ff ff   ................
16a0  ff 21 ff ff ff 21 ff ff ff 21 ff ff ff 8d ff ff   .!...!...!......
16b0  ff 8d ff ff ff 8d ff ff ff cc ff ff ff cc ff ff   ................
16c0  ff cc ff ff ff ff ff ff ff ff ff ff ff ff ff ff   ................
16d0  ff ff ff ff ff ff ff ff ff ff ff ff ff cf ff ff   ................
16e0  ff cf ff ff ff cf ff ff ff 90 ff ff ff 90 ff ff   ................
16f0  ff 90 ff ff ff 27 ff ff ff 27 ff ff ff 27 00 00   .....'...'...'..
1700  00 00 00 00 00 00 00 00 00 00 00 00 00 00 00 00   ................
1710  00 00 00 00 00 00 00 00 00 00 00 00 00 00 00 00   ................
1720  00 00 00 00 00 00 00 00 00 00 00 00 00 00 00 00   ................
1730  00 00 00 00 00 00 00 00 00 00 00 00 00 00 00 00   ................
1740  00 00 00 00 00 00 00 00 00 00 00 00 00 00 00 00   ................
1750  00 00 00 00 00 00 00 00 00 00 00 00 00 00 ff ff   ................
1760  ff 21 ff ff ff 21 ff ff ff 21 ff ff ff 8d ff ff   .!...!...!......
1770  ff 8d ff ff ff 8d ff ff ff cc ff ff ff cc ff ff   ................
1780  ff cc ff ff ff ff ff ff ff ff ff ff ff ff ff ff   ................
1790  ff ff ff ff ff ff ff ff ff ff ff ff ff cf ff ff   ................
17a0  ff cf ff ff ff cf ff ff ff 90 ff ff ff 90 ff ff   ................
17b0  ff 90 ff ff ff 27 ff ff ff 27 ff ff ff 27 00 00   .....'...'...'..
17c0  00 00 00 00 00 00 00 00 00 00 00 00 00 00 00 00   ................
17d0  00 00 00 00 00 00 00 00 00 00 00 00 00 00 00 00   ................
17e0  00 00 00 00 00 00 00 00 00 00 00 00 00 00 00 00   ................
17f0  00 00 00 00 00 00 00 00 00 00 00 00 00 00 00 00   ................
1800  00 00 00 00 00 00 00 00 00 00 00 00 00 00 00 00   ................
1810  00 00 00 00 00 00 00 00 00 00 00 00 00 00 ff ff   ................
1820  ff 21 ff ff ff 21 ff ff ff 21 ff ff ff 8d ff ff   .!...!...!......
1830  ff 8d ff ff ff 8d ff ff ff cc ff ff ff cc ff ff   ................
1840  ff cc ff ff ff ff ff ff ff ff ff ff ff ff ff ff   ................
1850  ff ff ff ff ff ff ff ff ff ff ff ff ff cf ff ff   ................
1860  ff cf ff ff ff cf ff ff ff 90 ff ff ff 90 ff ff   ................
1870  ff 90 ff ff ff 27 ff ff ff 27 ff ff ff 27 00 00   .....'...'...'..
1880  00 00 00 00 00 00 00 00 00 00 00 00 00 00 00 00   ................
1890  00 00 00 00 00 00 00 00 00 00 00 00 00 00 00 00   ................
18a0  00 00 00 00 00 00 00 00 00 00 00 00 00 00 00 00   ................
18b0  00 00 00 00 00 00 00 00 00 00 00 00 00 00 00 00   ................
18c0  00 00 00 00 00 00 00 00 00 00 00 00 00 00 00 00   ................
18d0  00 00 ff ff ff 72 ff ff ff 72 ff ff ff 72 ff ff   .....r...r...r..
18e0  ff f3 ff ff ff f3 ff ff ff f3 ff ff ff ff ff ff   ................
18f0  ff ff ff ff ff ff ff ff ff ff ff ff ff ff ff ff   ................
1900  ff ff ff ff ff ff ff ff ff ff ff ff ff ff ff ff   ................
1910  ff ff ff ff ff ff ff ff ff ff ff ff ff ff ff ff   ................
1920  ff ff ff ff ff ff ff ff ff ff ff ff ff ff ff ff   ................
1930  ff ff ff ff ff f6 ff ff ff f6 ff ff ff f6 ff ff   ................
1940  ff 72 ff ff ff 72 ff ff ff 72 00 00 00 00 00 00   .r...r...r......
1950  00 00 00 00 00 00 00 00 00 00 00 00 00 00 00 00   ................
1960  00 00 00 00 00 00 00 00 00 00 00 00 00 00 00 00   ................
1970  00 00 00 00 00 00 00 00 00 00 00 00 00 00 00 00   ................
1980  00 00 00 00 00 00 00 00 00 00 00 00 00 00 00 00   ................
1990  00 00 ff ff ff 72 ff ff ff 72 ff ff ff 72 ff ff   .....r...r...r..
19a0  ff f3 ff ff ff f3 ff ff ff f3 ff ff ff ff ff ff   ................
19b0  ff ff ff ff ff ff ff ff ff ff ff ff ff ff ff ff   ................
19c0  ff ff ff ff ff ff ff ff ff ff ff ff ff ff ff ff   ................
19d0  ff ff ff ff ff ff ff ff ff ff ff ff ff ff ff ff   ................
19e0  ff ff ff ff ff ff ff ff ff ff ff ff ff ff ff ff   ................
19f0  ff ff ff ff ff f6 ff ff ff f6 ff ff ff f6 ff ff   ................
1a00  ff 72 ff ff ff 72 ff ff ff 72 00 00 00 00 00 00   .r...r...r......
1a10  00 00 00 00 00 00 00 00 00 00 00 00 00 00 00 00   ................
1a20  00 00 00 00 00 00 00 00 00 00 00 00 00 00 00 00   ................
1a30  00 00 00 00 00 00 00 00 00 00 00 00 00 00 00 00   ................
1a40  00 00 00 00 00 00 00 00 00 00 00 00 00 00 00 00   ................
1a50  00 00 ff ff ff 72 ff ff ff 72 ff ff ff 72 ff ff   .....r...r...r..
1a60  ff f3 ff ff ff f3 ff ff ff f3 ff ff ff ff ff ff   ................
1a70  ff ff ff ff ff ff ff ff ff ff ff ff ff ff ff ff   ................
1a80  ff ff ff ff ff ff ff ff ff ff ff ff ff ff ff ff   ................
1a90  ff ff ff ff ff ff ff ff ff ff ff ff ff ff ff ff   ................
1aa0  ff ff ff ff ff ff ff ff ff ff ff ff ff ff ff ff   ................
1ab0  ff ff ff ff ff f6 ff ff ff f6 ff ff ff f6 ff ff   ................
1ac0  ff 72 ff ff ff 72 ff ff ff 72 00 00 00 00 00 00   .r...r...r......
1ad0  00 00 00 00 00 00 00 00 00 00 00 00 00 00 00 00   ................
1ae0  00 00 00 00 00 00 00 00 00 00 00 00 00 00 00 00   ................
1af0  00 00 00 00 00 00 00 00 00 00 ff ff ff 06 ff ff   ................
1b00  ff 06 ff ff ff 06 ff ff ff b7 ff ff ff b7 ff ff   ................
1b10  ff b7 ff ff ff ff ff ff ff ff ff ff ff ff ff ff   ................
1b20  ff ff ff ff ff ff ff ff ff ff ff ff ff ff ff ff   ................
1b30  ff ff ff ff ff ff ff ff ff ff ff ff ff ff ff ff   ................
1b40  ff ff ff ff ff ff ff ff ff ff ff ff ff ff ff ff   ................
1b50  ff ff ff ff ff ff ff ff ff ff ff ff ff ff ff ff   ................
1b60  ff ff ff ff ff ff ff ff ff ff ff ff ff ff ff ff   ................
1b70  ff ff ff ff ff ff ff ff ff ff ff ff ff ff ff ff   ................
1b80  ff ff ff ff ff ff ff ff ff ff ff ff ff c0 ff ff   ................
1b90  ff c0 ff ff ff c0 ff ff ff 06 ff ff ff 06 ff ff   ................
1ba0  ff 06 00 00 00 00 00 00 00 00 00 00 00 00 00 00   ................
1bb0  00 00 00 00 00 00 00 00 00 00 ff ff ff 06 ff ff   ................
1bc0  ff 06 ff ff ff 06 ff ff ff b7 ff ff ff b7 ff ff   ................
1bd0  ff b7 ff ff ff ff ff ff ff ff ff ff ff ff ff ff   ................
1be0  ff ff ff ff ff ff ff ff ff ff ff ff ff ff ff ff   ................
1bf0  ff ff ff ff ff ff ff ff ff ff ff ff ff ff ff ff   ................
1c00  ff ff ff ff ff ff ff ff ff ff ff ff ff ff ff ff   ................
1c10  ff ff ff ff ff ff ff ff ff ff ff ff ff ff ff ff   ................
1c20  ff ff ff ff ff ff ff ff ff ff ff ff ff ff ff ff   ................
1c30  ff ff ff ff ff ff ff ff ff ff ff ff ff ff ff ff   ................
1c40  ff ff ff ff ff ff ff ff ff ff ff ff ff c0 ff ff   ................
1c50  ff c0 ff ff ff c0 ff ff ff 06 ff ff ff 06 ff ff   ................
1c60  ff 06 00 00 00 00 00 00 00 00 00 00 00 00 00 00   ................
1c70  00 00 00 00 00 00 00 00 00 00 ff ff ff 06 ff ff   ................
1c80  ff 06 ff ff ff 06 ff ff ff b7 ff ff ff b7 ff ff   ................
1c90  ff b7 ff ff ff ff ff ff ff ff ff ff ff ff ff ff   ................
1ca0  ff ff ff ff ff ff ff ff ff ff ff ff ff ff ff ff   ................
1cb0  ff ff ff ff ff ff ff ff ff ff ff ff ff ff ff ff   ................
1cc0  ff ff ff ff ff ff ff ff ff ff ff ff ff ff ff ff   ................
1cd0  ff ff ff ff ff ff ff ff ff ff ff ff ff ff ff ff   ................
1ce0  ff ff ff ff ff ff ff ff ff ff ff ff ff ff ff ff   ................
1cf0  ff ff ff ff ff ff ff ff ff ff ff ff ff ff ff ff   ................
1d00  ff ff ff ff ff ff ff ff ff ff ff ff ff c0 ff ff   ................
1d10  ff c0 ff ff ff c0 ff ff ff 06 ff ff ff 06 ff ff   ................
1d20  ff 06 00 00 00 00 00 00 00 00 00 00 00 00 00 00   ................
1d30  00 00 00 00 00 00 00 00 00 00 ff ff ff 90 ff ff   ................
1d40  ff 90 ff ff ff 90 ff ff ff ff ff ff ff ff ff ff   ................
1d50  ff ff ff ff ff ff ff ff ff ff ff ff ff ff ff ff   ................
1d60  ff ff ff ff ff ff ff ff ff ff ff ff ff ff ff ff   ................
1d70  ff ff ff ff ff ff ff ff ff ff ff ff ff ff ff ff   ................
1d80  ff ff ff ff ff ff ff ff ff ff ff ff ff ff ff ff   ................
1d90  ff ff ff ff ff ff ff ff ff ff ff ff ff ff ff ff   ................
1da0  ff ff ff ff ff ff ff ff ff ff ff ff ff ff ff ff   ................
1db0  ff ff ff ff ff ff ff ff ff ff ff ff ff ff ff ff   ................
1dc0  ff ff ff ff ff ff ff ff ff ff ff ff ff ff ff ff   ................
1dd0  ff ff ff ff ff ff ff ff ff 9c ff ff ff 9c ff ff   ................
1de0  ff 9c 00 00 00 00 00 00 00 00 00 00 00 00 00 00   ................
1df0  00 00 00 00 00 00 00 00 00 00 ff ff ff 90 ff ff   ................
1e00  ff 90 ff ff ff 90 ff ff ff ff ff ff ff ff ff ff   ................
1e10  ff ff ff ff ff ff ff ff ff ff ff ff ff ff ff ff   ................
1e20  ff ff ff ff ff ff ff ff ff ff ff ff ff ff ff ff   ................
1e30  ff ff ff ff ff ff ff ff ff ff ff ff ff ff ff ff   ................
1e40  ff ff ff ff ff ff ff ff ff ff ff ff ff ff ff ff   ................
1e50  ff ff ff ff ff ff ff ff ff ff ff ff ff ff ff ff   ................
1e60  ff ff ff ff ff ff ff ff ff ff ff ff ff ff ff ff   ................
1e70  ff ff ff ff ff ff ff ff ff ff ff ff ff ff ff ff   ................
1e80  ff ff ff ff ff ff ff ff ff ff ff ff ff ff ff ff   ................
1e90  ff ff ff ff ff ff ff ff ff 9c ff ff ff 9c ff ff   ................
1ea0  ff 9c 00 00 00 00 00 00 00 00 00 00 00 00 00 00   ................
1eb0  00 00 00 00 00 00 00 00 00 00 ff ff ff 90 ff ff   ................
1ec0  ff 90 ff ff ff 90 ff ff ff ff ff ff ff ff ff ff   ................
1ed0  ff ff ff ff ff ff ff ff ff ff ff ff ff ff ff ff   ................
1ee0  ff ff ff ff ff ff ff ff ff ff ff ff ff ff ff ff   ................
1ef0  ff ff ff ff ff ff ff ff ff ff ff ff ff ff ff ff   ................
1f00  ff ff ff ff ff ff ff ff ff ff ff ff ff ff ff ff   ................
1f10  ff ff ff ff ff ff ff ff ff ff ff ff ff ff ff ff   ................
1f20  ff ff ff ff ff ff ff ff ff ff ff ff ff ff ff ff   ................
1f30  ff ff ff ff ff ff ff ff ff ff ff ff ff ff ff ff   ................
1f40  ff ff ff ff ff ff ff ff ff ff ff ff ff ff ff ff   ................
1f50  ff ff ff ff ff ff ff ff ff 9c ff ff ff 9c ff ff   ................
1f60  ff 9c 00 00 00 00 00 00 00 00 00 00 00 00 ff ff   ................
1f70  ff 2d ff ff ff 2d ff ff ff 2d ff ff ff fc ff ff   .-...-...-......
1f80  ff fc ff ff ff fc fe fd fd ff fe fd fd ff fe fd   ................
1f90  fd ff ee e2 e7 ff ee e2 e7 ff ee e2 e7 ff fc fa   ................
1fa0  fb ff fc fa fb ff fc fa fb ff ff ff ff ff ff ff   ................
1fb0  ff ff ff ff ff ff ff ff ff ff ff ff ff ff ff ff   ................
1fc0  ff ff ff ff ff ff ff ff ff ff ff ff ff ff ff ff   ................
1fd0  ff ff ff ff ff ff ff ff ff ff fe fe ff ff fe fe   ................
1fe0  ff ff fe fe ff ff f6 fb fe ff f6 fb fe ff f6 fb   ................
1ff0  fe ff ff ff ff ff ff ff ff ff ff ff ff ff fc fe   ................
2000  ff ff fc fe ff ff fc fe ff ff 88 c5 f7 ff 88 c5   ................
2010  f7 ff 88 c5 f7 ff dd ee fd ff dd ee fd ff dd ee   ................
2020  fd ff ff ff ff 30 ff ff ff 30 ff ff ff 30 ff ff   .....0...0...0..
2030  ff 2d ff ff ff 2d ff ff ff 2d ff ff ff fc ff ff   .-...-...-......
2040  ff fc ff ff ff fc fe fd fd ff fe fd fd ff fe fd   ................
2050  fd ff ee e2 e7 ff ee e2 e7 ff ee e2 e7 ff fc fa   ................
2060  fb ff fc fa fb ff fc fa fb ff ff ff ff ff ff ff   ................
2070  ff ff ff ff ff ff ff ff ff ff ff ff ff ff ff ff   ................
2080  ff ff ff ff ff ff ff ff ff ff ff ff ff ff ff ff   ................
2090  ff ff ff ff ff ff ff ff ff ff fe fe ff ff fe fe   ................
20a0  ff ff fe fe ff ff f6 fb fe ff f6 fb fe ff f6 fb   ................
20b0  fe ff ff ff ff ff ff ff ff ff ff ff ff ff fc fe   ................
20c0  ff ff fc fe ff ff fc fe ff ff 88 c5 f7 ff 88 c5   ................
20d0  f7 ff 88 c5 f7 ff dd ee fd ff dd ee fd ff dd ee   ................
20e0  fd ff ff ff ff 30 ff ff ff 30 ff ff ff 30 ff ff   .....0...0...0..
20f0  ff 2d ff ff ff 2d ff ff ff 2d ff ff ff fc ff ff   .-...-...-......
2100  ff fc ff ff ff fc fe fd fd ff fe fd fd ff fe fd   ................
2110  fd ff ee e2 e7 ff ee e2 e7 ff ee e2 e7 ff fc fa   ................
2120  fb ff fc fa fb ff fc fa fb ff ff ff ff ff ff ff   ................
2130  ff ff ff ff ff ff ff ff ff ff ff ff ff ff ff ff   ................
2140  ff ff ff ff ff ff ff ff ff ff ff ff ff ff ff ff   ................
2150  ff ff ff ff ff ff ff ff ff ff fe fe ff ff fe fe   ................
2160  ff ff fe fe ff ff f6 fb fe ff f6 fb fe ff f6 fb   ................
2170  fe ff ff ff ff ff ff ff ff ff ff ff ff ff fc fe   ................
2180  ff ff fc fe ff ff fc fe ff ff 88 c5 f7 ff 88 c5   ................
2190  f7 ff 88 c5 f7 ff dd ee fd ff dd ee fd ff dd ee   ................
21a0  fd ff ff ff ff 30 ff ff ff 30 ff ff ff 30 ff ff   .....0...0...0..
21b0  ff 93 ff ff ff 93 ff ff ff 93 fb f8 fa ff fb f8   ................
21c0  fa ff fb f8 fa ff 95 42 6a ff 95 42 6a ff 95 42   .......Bj..Bj..B
21d0  6a ff 94 43 6a ff 94 43 6a ff 94 43 6a ff 89 2e   j..Cj..Cj..Cj...
21e0  5a ff 89 2e 5a ff 89 2e 5a ff f6 ee f2 ff f6 ee   Z...Z...Z.......
21f0  f2 ff f6 ee f2 ff ff ff ff ff ff ff ff ff ff ff   ................
2200  ff ff ff ff ff ff ff ff ff ff ff ff ff ff ff ff   ................
2210  ff ff ff ff ff ff ff ff ff ff ba dd fb ff ba dd   ................
2220  fb ff ba dd fb ff 1f 92 ef ff 1f 92 ef ff 1f 92   ................
2230  ef ff fe ff ff ff fe ff ff ff fe ff ff ff af d9   ................
2240  f9 ff af d9 f9 ff af d9 f9 ff 00 76 eb ff 00 76   ...........v...v
2250  eb ff 00 76 eb ff 9e d1 f8 ff 9e d1 f8 ff 9e d1   ...v............
2260  f8 ff ff ff ff 9f ff ff ff 9f ff ff ff 9f ff ff   ................
2270  ff 93 ff ff ff 93 ff ff ff 93 fb f8 fa ff fb f8   ................
2280  fa ff fb f8 fa ff 95 42 6a ff 95 42 6a ff 95 42   .......Bj..Bj..B
2290  6a ff 94 43 6a ff 94 43 6a ff 94 43 6a ff 89 2e   j..Cj..Cj..Cj...
22a0  5a ff 89 2e 5a ff 89 2e 5a ff f6 ee f2 ff f6 ee   Z...Z...Z.......
22b0  f2 ff f6 ee f2 ff ff ff ff ff ff ff ff ff ff ff   ................
22c0  ff ff ff ff ff ff ff ff ff ff ff ff ff ff ff ff   ................
22d0  ff ff ff ff ff ff ff ff ff ff ba dd fb ff ba dd   ................
22e0  fb ff ba dd fb ff 1f 92 ef ff 1f 92 ef ff 1f 92   ................
22f0  ef ff fe ff ff ff fe ff ff ff fe ff ff ff af d9   ................
2300  f9 ff af d9 f9 ff af d9 f9 ff 00 76 eb ff 00 76   ...........v...v
2310  eb ff 00 76 eb ff 9e d1 f8 ff 9e d1 f8 ff 9e d1   ...v............
2320  f8 ff ff ff ff 9f ff ff ff 9f ff ff ff 9f ff ff   ................
2330  ff 93 ff ff ff 93 ff ff ff 93 fb f8 fa ff fb f8   ................
2340  fa ff fb f8 fa ff 95 42 6a ff 95 42 6a ff 95 42   .......Bj..Bj..B
2350  6a ff 94 43 6a ff 94 43 6a ff 94 43 6a ff 89 2e   j..Cj..Cj..Cj...
2360  5a ff 89 2e 5a ff 89 2e 5a ff f6 ee f2 ff f6 ee   Z...Z...Z.......
2370  f2 ff f6 ee f2 ff ff ff ff ff ff ff ff ff ff ff   ................
2380  ff ff ff ff ff ff ff ff ff ff ff ff ff ff ff ff   ................
2390  ff ff ff ff ff ff ff ff ff ff ba dd fb ff ba dd   ................
23a0  fb ff ba dd fb ff 1f 92 ef ff 1f 92 ef ff 1f 92   ................
23b0  ef ff fe ff ff ff fe ff ff ff fe ff ff ff af d9   ................
23c0  f9 ff af d9 f9 ff af d9 f9 ff 00 76 eb ff 00 76   ...........v...v
23d0  eb ff 00 76 eb ff 9e d1 f8 ff 9e d1 f8 ff 9e d1   ...v............
23e0  f8 ff ff ff ff 9f ff ff ff 9f ff ff ff 9f ff ff   ................
23f0  ff db ff ff ff db ff ff ff db ad 6d 8c ff ad 6d   ...........m...m
2400  8c ff ad 6d 8c ff b7 7f 9b ff b7 7f 9b ff b7 7f   ...m............
2410  9b ff ff ff ff ff ff ff ff ff ff ff ff ff d2 af   ................
2420  bf ff d2 af bf ff d2 af bf ff 9b 45 6d ff 9b 45   ...........Em..E
2430  6d ff 9b 45 6d ff f6 fb fc ff f6 fb fc ff f6 fb   m..Em...........
2440  fc ff c1 f0 ef ff c1 f0 ef ff c1 f0 ef ff c3 f0   ................
2450  ee ff c3 f0 ee ff c3 f0 ee ff a8 df f1 ff a8 df   ................
2460  f1 ff a8 df f1 ff 07 82 ee ff 07 82 ee ff 07 82   ................
2470  ee ff 6a b7 f4 ff 6a b7 f4 ff 6a b7 f4 ff 18 8f   ..j...j...j.....
2480  ef ff 18 8f ef ff 18 8f ef ff 45 a6 f2 ff 45 a6   ..........E...E.
2490  f2 ff 45 a6 f2 ff ff ff ff ff ff ff ff ff ff ff   ..E.............
24a0  ff ff ff ff ff de ff ff ff de ff ff ff de ff ff   ................
24b0  ff db ff ff ff db ff ff ff db ad 6d 8c ff ad 6d   ...........m...m
24c0  8c ff ad 6d 8c ff b7 7f 9b ff b7 7f 9b ff b7 7f   ...m............
24d0  9b ff ff ff ff ff ff ff ff ff ff ff ff ff d2 af   ................
24e0  bf ff d2 af bf ff d2 af bf ff 9b 45 6d ff 9b 45   ...........Em..E
24f0  6d ff 9b 45 6d ff f6 fb fc ff f6 fb fc ff f6 fb   m..Em...........
2500  fc ff c1 f0 ef ff c1 f0 ef ff c1 f0 ef ff c3 f0   ................
2510  ee ff c3 f0 ee ff c3 f0 ee ff a8 df f1 ff a8 df   ................
2520  f1 ff a8 df f1 ff 07 82 ee ff 07 82 ee ff 07 82   ................
2530  ee ff 6a b7 f4 ff 6a b7 f4 ff 6a b7 f4 ff 18 8f   ..j...j...j.....
2540  ef ff 18 8f ef ff 18 8f ef ff 45 a6 f2 ff 45 a6   ..........E...E.
2550  f2 ff 45 a6 f2 ff ff ff ff ff ff ff ff ff ff ff   ..E.............
2560  ff ff ff ff ff de ff ff ff de ff ff ff de ff ff   ................
2570  ff db ff ff ff db ff ff ff db ad 6d 8c ff ad 6d   ...........m...m
2580  8c ff ad 6d 8c ff b7 7f 9b ff b7 7f 9b ff b7 7f   ...m............
2590  9b ff ff ff ff ff ff ff ff ff ff ff ff ff d2 af   ................
25a0  bf ff d2 af bf ff d2 af bf ff 9b 45 6d ff 9b 45   ...........Em..E
25b0  6d ff 9b 45 6d ff f6 fb fc ff f6 fb fc ff f6 fb   m..Em...........
25c0  fc ff c1 f0 ef ff c1 f0 ef ff c1 f0 ef ff c3 f0   ................
25d0  ee ff c3 f0 ee ff c3 f0 ee ff a8 df f1 ff a8 df   ................
25e0  f1 ff a8 df f1 ff 07 82 ee ff 07 82 ee ff 07 82   ................
25f0  ee ff 6a b7 f4 ff 6a b7 f4 ff 6a b7 f4 ff 18 8f   ..j...j...j.....
2600  ef ff 18 8f ef ff 18 8f ef ff 45 a6 f2 ff 45 a6   ..........E...E.
2610  f2 ff 45 a6 f2 ff ff ff ff ff ff ff ff ff ff ff   ..E.............
2620  ff ff ff ff ff de ff ff ff de ff ff ff de ff ff   ................
2630  ff f9 ff ff ff f9 ff ff ff f9 78 11 43 ff 78 11   ..........x.C.x.
2640  43 ff 78 11 43 ff e1 cb d5 ff e1 cb d5 ff e1 cb   C.x.C...........
2650  d5 ff ff ff ff ff ff ff ff ff ff ff ff ff ef e3   ................
2660  e8 ff ef e3 e8 ff ef e3 e8 ff 89 19 4a ff 89 19   ............J...
2670  4a ff 89 19 4a ff 7c c1 c7 ff 7c c1 c7 ff 7c c1   J...J.|...|...|.
2680  c7 ff 00 c2 be ff 00 c2 be ff 00 c2 be ff 00 bd   ................
2690  ba ff 00 bd ba ff 00 bd ba ff 94 e7 e1 ff 94 e7   ................
26a0  e1 ff 94 e7 e1 ff df f0 fd ff df f0 fd ff df f0   ................
26b0  fd ff 00 80 ed ff 00 80 ed ff 00 80 ed ff 0e 89   ................
26c0  ee ff 0e 89 ee ff 0e 89 ee ff f2 f9 fe ff f2 f9   ................
26d0  fe ff f2 f9 fe ff ff ff ff ff ff ff ff ff ff ff   ................
26e0  ff ff ff ff ff f9 ff ff ff f9 ff ff ff f9 ff ff   ................
26f0  ff f9 ff ff ff f9 ff ff ff f9 78 11 43 ff 78 11   ..........x.C.x.
2700  43 ff 78 11 43 ff e1 cb d5 ff e1 cb d5 ff e1 cb   C.x.C...........
2710  d5 ff ff ff ff ff ff ff ff ff ff ff ff ff ef e3   ................
2720  e8 ff ef e3 e8 ff ef e3 e8 ff 89 19 4a ff 89 19   ............J...
2730  4a ff 89 19 4a ff 7c c1 c7 ff 7c c1 c7 ff 7c c1   J...J.|...|...|.
2740  c7 ff 00 c2 be ff 00 c2 be ff 00 c2 be ff 00 bd   ................
2750  ba ff 00 bd ba ff 00 bd ba ff 94 e7 e1 ff 94 e7   ................
2760  e1 ff 94 e7 e1 ff df f0 fd ff df f0 fd ff df f0   ................
2770  fd ff 00 80 ed ff 00 80 ed ff 00 80 ed ff 0e 89   ................
2780  ee ff 0e 89 ee ff 0e 89 ee ff f2 f9 fe ff f2 f9   ................
2790  fe ff f2 f9 fe ff ff ff ff ff ff ff ff ff ff ff   ................
27a0  ff ff ff ff ff f9 ff ff ff f9 ff ff ff f9 ff ff   ................
27b0  ff f9 ff ff ff f9 ff ff ff f9 78 11 43 ff 78 11   ..........x.C.x.
27c0  43 ff 78 11 43 ff e1 cb d5 ff e1 cb d5 ff e1 cb   C.x.C...........
27d0  d5 ff ff ff ff ff ff ff ff ff ff ff ff ff ef e3   ................
27e0  e8 ff ef e3 e8 ff ef e3 e8 ff 89 19 4a ff 89 19   ............J...
27f0  4a ff 89 19 4a ff 7c c1 c7 ff 7c c1 c7 ff 7c c1   J...J.|...|...|.
2800  c7 ff 00 c2 be ff 00 c2 be ff 00 c2 be ff 00 bd   ................
2810  ba ff 00 bd ba ff 00 bd ba ff 94 e7 e1 ff 94 e7   ................
2820  e1 ff 94 e7 e1 ff df f0 fd ff df f0 fd ff df f0   ................
2830  fd ff 00 80 ed ff 00 80 ed ff 00 80 ed ff 0e 89   ................
2840  ee ff 0e 89 ee ff 0e 89 ee ff f2 f9 fe ff f2 f9   ................
2850  fe ff f2 f9 fe ff ff ff ff ff ff ff ff ff ff ff   ................
2860  ff ff ff ff ff f9 ff ff ff f9 ff ff ff f9 ff ff   ................
2870  ff f9 ff ff ff f9 ff ff ff f9 84 25 53 ff 84 25   ...........%S..%
2880  53 ff 84 25 53 ff da be cc ff da be cc ff da be   S..%S...........
2890  cc ff ff ff ff ff ff ff ff ff ff ff ff ff eb dd   ................
28a0  e3 ff eb dd e3 ff eb dd e3 ff 8a 1d 4e ff 8a 1d   ............N...
28b0  4e ff 8a 1d 4e ff 7f cc cf ff 7f cc cf ff 7f cc   N...N...........
28c0  cf ff 31 d0 cd ff 31 d0 cd ff 31 d0 cd ff fb fe   ..1...1...1.....
28d0  fe ff fb fe fe ff fb fe fe ff ff ff ff ff ff ff   ................
28e0  ff ff ff ff ff ff fa fd ff ff fa fd ff ff fa fd   ................
28f0  ff ff 00 83 ed ff 00 83 ed ff 00 83 ed ff 17 90   ................
2900  ef ff 17 90 ef ff 17 90 ef ff fe fe ff ff fe fe   ................
2910  ff ff fe fe ff ff ff ff ff ff ff ff ff ff ff ff   ................
2920  ff ff ff ff ff f9 ff ff ff f9 ff ff ff f9 ff ff   ................
2930  ff f9 ff ff ff f9 ff ff ff f9 84 25 53 ff 84 25   ...........%S..%
2940  53 ff 84 25 53 ff da be cc ff da be cc ff da be   S..%S...........
2950  cc ff ff ff ff ff ff ff ff ff ff ff ff ff eb dd   ................
2960  e3 ff eb dd e3 ff eb dd e3 ff 8a 1d 4e ff 8a 1d   ............N...
2970  4e ff 8a 1d 4e ff 7f cc cf ff 7f cc cf ff 7f cc   N...N...........
2980  cf ff 31 d0 cd ff 31 d0 cd ff 31 d0 cd ff fb fe   ..1...1...1.....
2990  fe ff fb fe fe ff fb fe fe ff ff ff ff ff ff ff   ................
29a0  ff ff ff ff ff ff fa fd ff ff fa fd ff ff fa fd   ................
29b0  ff ff 00 83 ed ff 00 83 ed ff 00 83 ed ff 17 90   ................
29c0  ef ff 17 90 ef ff 17 90 ef ff fe fe ff ff fe fe   ................
29d0  ff ff fe fe ff ff ff ff ff ff ff ff ff ff ff ff   ................
29e0  ff ff ff ff ff f9 ff ff ff f9 ff ff ff f9 ff ff   ................
29f0  ff f9 ff ff ff f9 ff ff ff f9 84 25 53 ff 84 25   ...........%S..%
2a00  53 ff 84 25 53 ff da be cc ff da be cc ff da be   S..%S...........
2a10  cc ff ff ff ff ff ff ff ff ff ff ff ff ff eb dd   ................
2a20  e3 ff eb dd e3 ff eb dd e3 ff 8a 1d 4e ff 8a 1d   ............N...
2a30  4e ff 8a 1d 4e ff 7f cc cf ff 7f cc cf ff 7f cc   N...N...........
2a40  cf ff 31 d0 cd ff 31 d0 cd ff 31 d0 cd ff fb fe   ..1...1...1.....
2a50  fe ff fb fe fe ff fb fe fe ff ff ff ff ff ff ff   ................
2a60  ff ff ff ff ff ff fa fd ff ff fa fd ff ff fa fd   ................
2a70  ff ff 00 83 ed ff 00 83 ed ff 00 83 ed ff 17 90   ................
2a80  ef ff 17 90 ef ff 17 90 ef ff fe fe ff ff fe fe   ................
2a90  ff ff fe fe ff ff ff ff ff ff ff ff ff ff ff ff   ................
2aa0  ff ff ff ff ff f9 ff ff ff f9 ff ff ff f9 ff ff   ................
2ab0  ff db ff ff ff db ff ff ff db d8 bb c9 ff d8 bb   ................
2ac0  c9 ff d8 bb c9 ff 88 2e 59 ff 88 2e 59 ff 88 2e   ........Y...Y...
2ad0  59 ff f3 e9 ed ff f3 e9 ed ff f3 e9 ed ff a1 56   Y..............V
2ae0  7a ff a1 56 7a ff a1 56 7a ff ca 9b b0 ff ca 9b   z..Vz..Vz.......
2af0  b0 ff ca 9b b0 ff 9b ea e9 ff 9b ea e9 ff 9b ea   ................
2b00  e9 ff 37 ce cb ff 37 ce cb ff 37 ce cb ff ff ff   ..7...7...7.....
2b10  ff ff ff ff ff ff ff ff ff ff ff ff ff ff ff ff   ................
2b20  ff ff ff ff ff ff 86 c6 f7 ff 86 c6 f7 ff 86 c6   ................
2b30  f7 ff 46 a6 f2 ff 46 a6 f2 ff 46 a6 f2 ff 80 c2   ..F...F...F.....
2b40  f7 ff 80 c2 f7 ff 80 c2 f7 ff 77 bf f6 ff 77 bf   ..........w...w.
2b50  f6 ff 77 bf f6 ff ff ff ff ff ff ff ff ff ff ff   ..w.............
2b60  ff ff ff ff ff de ff ff ff de ff ff ff de ff ff   ................
2b70  ff db ff ff ff db ff ff ff db d8 bb c9 ff d8 bb   ................
2b80  c9 ff d8 bb c9 ff 88 2e 59 ff 88 2e 59 ff 88 2e   ........Y...Y...
2b90  59 ff f3 e9 ed ff f3 e9 ed ff f3 e9 ed ff a1 56   Y..............V
2ba0  7a ff a1 56 7a ff a1 56 7a ff ca 9b b0 ff ca 9b   z..Vz..Vz.......
2bb0  b0 ff ca 9b b0 ff 9b ea e9 ff 9b ea e9 ff 9b ea   ................
2bc0  e9 ff 37 ce cb ff 37 ce cb ff 37 ce cb ff ff ff   ..7...7...7.....
2bd0  ff ff ff ff ff ff ff ff ff ff ff ff ff ff ff ff   ................
2be0  ff ff ff ff ff ff 86 c6 f7 ff 86 c6 f7 ff 86 c6   ................
2bf0  f7 ff 46 a6 f2 ff 46 a6 f2 ff 46 a6 f2 ff 80 c2   ..F...F...F.....
2c00  f7 ff 80 c2 f7 ff 80 c2 f7 ff 77 bf f6 ff 77 bf   ..........w...w.
2c10  f6 ff 77 bf f6 ff ff ff ff ff ff ff ff ff ff ff   ..w.............
2c20  ff ff ff ff ff de ff ff ff de ff ff ff de ff ff   ................
2c30  ff db ff ff ff db ff ff ff db d8 bb c9 ff d8 bb   ................
2c40  c9 ff d8 bb c9 ff 88 2e 59 ff 88 2e 59 ff 88 2e   ........Y...Y...
2c50  59 ff f3 e9 ed ff f3 e9 ed ff f3 e9 ed ff a1 56   Y..............V
2c60  7a ff a1 56 7a ff a1 56 7a ff ca 9b b0 ff ca 9b   z..Vz..Vz.......
2c70  b0 ff ca 9b b0 ff 9b ea e9 ff 9b ea e9 ff 9b ea   ................
2c80  e9 ff 37 ce cb ff 37 ce cb ff 37 ce cb ff ff ff   ..7...7...7.....
2c90  ff ff ff ff ff ff ff ff ff ff ff ff ff ff ff ff   ................
2ca0  ff ff ff ff ff ff 86 c6 f7 ff 86 c6 f7 ff 86 c6   ................
2cb0  f7 ff 46 a6 f2 ff 46 a6 f2 ff 46 a6 f2 ff 80 c2   ..F...F...F.....
2cc0  f7 ff 80 c2 f7 ff 80 c2 f7 ff 77 bf f6 ff 77 bf   ..........w...w.
2cd0  f6 ff 77 bf f6 ff ff ff ff ff ff ff ff ff ff ff   ..w.............
2ce0  ff ff ff ff ff de ff ff ff de ff ff ff de ff ff   ................
2cf0  ff 93 ff ff ff 93 ff ff ff 93 ff ff ff ff ff ff   ................
2d00  ff ff ff ff ff ff d8 ba c8 ff d8 ba c8 ff d8 ba   ................
2d10  c8 ff 97 49 6e ff 97 49 6e ff 97 49 6e ff cc a1   ...In..In..In...
2d20  b4 ff cc a1 b4 ff cc a1 b4 ff fe ff ff ff fe ff   ................
2d30  ff ff fe ff ff ff 83 e2 e0 ff 83 e2 e0 ff 83 e2   ................
2d40  e0 ff 2e cb c8 ff 2e cb c8 ff 2e cb c8 ff ff ff   ................
2d50  ff ff ff ff ff ff ff ff ff ff fe fe ff ff fe fe   ................
2d60  ff ff fe fe ff ff 5f b2 f4 ff 5f b2 f4 ff 5f b2   ......_..._..._.
2d70  f4 ff f1 f8 fe ff f1 f8 fe ff f1 f8 fe ff ff ff   ................
2d80  ff ff ff ff ff ff ff ff ff ff 6b b9 f5 ff 6b b9   ..........k...k.
2d90  f5 ff 6b b9 f5 ff e7 f3 fd ff e7 f3 fd ff e7 f3   ..k.............
2da0  fd ff ff ff ff 9f ff ff ff 9f ff ff ff 9f ff ff   ................
2db0  ff 93 ff ff ff 93 ff ff ff 93 ff ff ff ff ff ff   ................
2dc0  ff ff ff ff ff ff d8 ba c8 ff d8 ba c8 ff d8 ba   ................
2dd0  c8 ff 97 49 6e ff 97 49 6e ff 97 49 6e ff cc a1   ...In..In..In...
2de0  b4 ff cc a1 b4 ff cc a1 b4 ff fe ff ff ff fe ff   ................
2df0  ff ff fe ff ff ff 83 e2 e0 ff 83 e2 e0 ff 83 e2   ................
2e00  e0 ff 2e cb c8 ff 2e cb c8 ff 2e cb c8 ff ff ff   ................
2e10  ff ff ff ff ff ff ff ff ff ff fe fe ff ff fe fe   ................
2e20  ff ff fe fe ff ff 5f b2 f4 ff 5f b2 f4 ff 5f b2   ......_..._..._.
2e30  f4 ff f1 f8 fe ff f1 f8 fe ff f1 f8 fe ff ff ff   ................
2e40  ff ff ff ff ff ff ff ff ff ff 6b b9 f5 ff 6b b9   ..........k...k.
2e50  f5 ff 6b b9 f5 ff e7 f3 fd ff e7 f3 fd ff e7 f3   ..k.............
2e60  fd ff ff ff ff 9f ff ff ff 9f ff ff ff 9f ff ff   ................
2e70  ff 93 ff ff ff 93 ff ff ff 93 ff ff ff ff ff ff   ................
2e80  ff ff ff ff ff ff d8 ba c8 ff d8 ba c8 ff d8 ba   ................
2e90  c8 ff 97 49 6e ff 97 49 6e ff 97 49 6e ff cc a1   ...In..In..In...
2ea0  b4 ff cc a1 b4 ff cc a1 b4 ff fe ff ff ff fe ff   ................
2eb0  ff ff fe ff ff ff 83 e2 e0 ff 83 e2 e0 ff 83 e2   ................
2ec0  e0 ff 2e cb c8 ff 2e cb c8 ff 2e cb c8 ff ff ff   ................
2ed0  ff ff ff ff ff ff ff ff ff ff fe fe ff ff fe fe   ................
2ee0  ff ff fe fe ff ff 5f b2 f4 ff 5f b2 f4 ff 5f b2   ......_..._..._.
2ef0  f4 ff f1 f8 fe ff f1 f8 fe ff f1 f8 fe ff ff ff   ................
2f00  ff ff ff ff ff ff ff ff ff ff 6b b9 f5 ff 6b b9   ..........k...k.
2f10  f5 ff 6b b9 f5 ff e7 f3 fd ff e7 f3 fd ff e7 f3   ..k.............
2f20  fd ff ff ff ff 9f ff ff ff 9f ff ff ff 9f ff ff   ................
2f30  ff 2d ff ff ff 2d ff ff ff 2d ff ff ff fc ff ff   .-...-...-......
2f40  ff fc ff ff ff fc ff ff ff ff ff ff ff ff ff ff   ................
2f50  ff ff ff ff ff ff ff ff ff ff ff ff ff ff ff ff   ................
2f60  ff ff ff ff ff ff ff ff ff ff ff ff ff ff ff ff   ................
2f70  ff ff ff ff ff ff c6 f1 f0 ff c6 f1 f0 ff c6 f1   ................
2f80  f0 ff 99 e5 e5 ff 99 e5 e5 ff 99 e5 e5 ff ff ff   ................
2f90  ff ff ff ff ff ff ff ff ff ff ff ff ff ff ff ff   ................
2fa0  ff ff ff ff ff ff ff ff ff ff ff ff ff ff ff ff   ................
2fb0  ff ff ff ff ff ff ff ff ff ff ff ff ff ff ff ff   ................
2fc0  ff ff ff ff ff ff ff ff ff ff ff ff ff ff ff ff   ................
2fd0  ff ff ff ff ff ff ff ff ff ff ff ff ff ff ff ff   ................
2fe0  ff ff ff ff ff 30 ff ff ff 30 ff ff ff 30 ff ff   .....0...0...0..
2ff0  ff 2d ff ff ff 2d ff ff ff 2d ff ff ff fc ff ff   .-...-...-......
3000  ff fc ff ff ff fc ff ff ff ff ff ff ff ff ff ff   ................
3010  ff ff ff ff ff ff ff ff ff ff ff ff ff ff ff ff   ................
3020  ff ff ff ff ff ff ff ff ff ff ff ff ff ff ff ff   ................
3030  ff ff ff ff ff ff c6 f1 f0 ff c6 f1 f0 ff c6 f1   ................
3040  f0 ff 99 e5 e5 ff 99 e5 e5 ff 99 e5 e5 ff ff ff   ................
3050  ff ff ff ff ff ff ff ff ff ff ff ff ff ff ff ff   ................
3060  ff ff ff ff ff ff ff ff ff ff ff ff ff ff ff ff   ................
3070  ff ff ff ff ff ff ff ff ff ff ff ff ff ff ff ff   ................
3080  ff ff ff ff ff ff ff ff ff ff ff ff ff ff ff ff   ................
3090  ff ff ff ff ff ff ff ff ff ff ff ff ff ff ff ff   ................
30a0  ff ff ff ff ff 30 ff ff ff 30 ff ff ff 30 ff ff   .....0...0...0..
30b0  ff 2d ff ff ff 2d ff ff ff 2d ff ff ff fc ff ff   .-...-...-......
30c0  ff fc ff ff ff fc ff ff ff ff ff ff ff ff ff ff   ................
30d0  ff ff ff ff ff ff ff ff ff ff ff ff ff ff ff ff   ................
30e0  ff ff ff ff ff ff ff ff ff ff ff ff ff ff ff ff   ................
30f0  ff ff ff ff ff ff c6 f1 f0 ff c6 f1 f0 ff c6 f1   ................
3100  f0 ff 99 e5 e5 ff 99 e5 e5 ff 99 e5 e5 ff ff ff   ................
3110  ff ff ff ff ff ff ff ff ff ff ff ff ff ff ff ff   ................
3120  ff ff ff ff ff ff ff ff ff ff ff ff ff ff ff ff   ................
3130  ff ff ff ff ff ff ff ff ff ff ff ff ff ff ff ff   ................
3140  ff ff ff ff ff ff ff ff ff ff ff ff ff ff ff ff   ................
3150  ff ff ff ff ff ff ff ff ff ff ff ff ff ff ff ff   ................
3160  ff ff ff ff ff 30 ff ff ff 30 ff ff ff 30 00 00   .....0...0...0..
3170  00 00 00 00 00 00 00 00 00 00 ff ff ff 93 ff ff   ................
3180  ff 93 ff ff ff 93 ff ff ff ff ff ff ff ff ff ff   ................
3190  ff ff ff ff ff ff ff ff ff ff ff ff ff ff ff ff   ................
31a0  ff ff ff ff ff ff ff ff ff ff ff ff ff ff ff ff   ................
31b0  ff ff ff ff ff ff ff ff ff ff ff ff ff ff ff ff   ................
31c0  ff ff ff ff ff ff ff ff ff ff ff ff ff ff ff ff   ................
31d0  ff ff ff ff ff ff ff ff ff ff ff ff ff ff ff ff   ................
31e0  ff ff ff ff ff ff ff ff ff ff ff ff ff ff ff ff   ................
31f0  ff ff ff ff ff ff ff ff ff ff ff ff ff ff ff ff   ................
3200  ff ff ff ff ff ff ff ff ff ff ff ff ff ff ff ff   ................
3210  ff ff ff ff ff ff ff ff ff 9c ff ff ff 9c ff ff   ................
3220  ff 9c 00 00 00 00 00 00 00 00 00 00 00 00 00 00   ................
3230  00 00 00 00 00 00 00 00 00 00 ff ff ff 93 ff ff   ................
3240  ff 93 ff ff ff 93 ff ff ff ff ff ff ff ff ff ff   ................
3250  ff ff ff ff ff ff ff ff ff ff ff ff ff ff ff ff   ................
3260  ff ff ff ff ff ff ff ff ff ff ff ff ff ff ff ff   ................
3270  ff ff ff ff ff ff ff ff ff ff ff ff ff ff ff ff   ................
3280  ff ff ff ff ff ff ff ff ff ff ff ff ff ff ff ff   ................
3290  ff ff ff ff ff ff ff ff ff ff ff ff ff ff ff ff   ................
32a0  ff ff ff ff ff ff ff ff ff ff ff ff ff ff ff ff   ................
32b0  ff ff ff ff ff ff ff ff ff ff ff ff ff ff ff ff   ................
32c0  ff ff ff ff ff ff ff ff ff ff ff ff ff ff ff ff   ................
32d0  ff ff ff ff ff ff ff ff ff 9c ff ff ff 9c ff ff   ................
32e0  ff 9c 00 00 00 00 00 00 00 00 00 00 00 00 00 00   ................
32f0  00 00 00 00 00 00 00 00 00 00 ff ff ff 93 ff ff   ................
3300  ff 93 ff ff ff 93 ff ff ff ff ff ff ff ff ff ff   ................
3310  ff ff ff ff ff ff ff ff ff ff ff ff ff ff ff ff   ................
3320  ff ff ff ff ff ff ff ff ff ff ff ff ff ff ff ff   ................
3330  ff ff ff ff ff ff ff ff ff ff ff ff ff ff ff ff   ................
3340  ff ff ff ff ff ff ff ff ff ff ff ff ff ff ff ff   ................
3350  ff ff ff ff ff ff ff ff ff ff ff ff ff ff ff ff   ................
3360  ff ff ff ff ff ff ff ff ff ff ff ff ff ff ff ff   ................
3370  ff ff ff ff ff ff ff ff ff ff ff ff ff ff ff ff   ................
3380  ff ff ff ff ff ff ff ff ff ff ff ff ff ff ff ff   ................
3390  ff ff ff ff ff ff ff ff ff 9c ff ff ff 9c ff ff   ................
33a0  ff 9c 00 00 00 00 00 00 00 00 00 00 00 00 00 00   ................
33b0  00 00 00 00 00 00 00 00 00 00 ff ff ff 06 ff ff   ................
33c0  ff 06 ff ff ff 06 ff ff ff c3 ff ff ff c3 ff ff   ................
33d0  ff c3 ff ff ff ff ff ff ff ff ff ff ff ff ff ff   ................
33e0  ff ff ff ff ff ff ff ff ff ff ff ff ff ff ff ff   ................
33f0  ff ff ff ff ff ff ff ff ff ff ff ff ff ff ff ff   ................
3400  ff ff ff ff ff ff ff ff ff ff ff ff ff ff ff ff   ................
3410  ff ff ff ff ff ff ff ff ff ff ff ff ff ff ff ff   ................
3420  ff ff ff ff ff ff ff ff ff ff ff ff ff ff ff ff   ................
3430  ff ff ff ff ff ff ff ff ff ff ff ff ff ff ff ff   ................
3440  ff ff ff ff ff ff ff ff ff ff ff ff ff c6 ff ff   ................
3450  ff c6 ff ff ff c6 ff ff ff 09 ff ff ff 09 ff ff   ................
3460  ff 09 00 00 00 00 00 00 00 00 00 00 00 00 00 00   ................
3470  00 00 00 00 00 00 00 00 00 00 ff ff ff 06 ff ff   ................
3480  ff 06 ff ff ff 06 ff ff ff c3 ff ff ff c3 ff ff   ................
3490  ff c3 ff ff ff ff ff ff ff ff ff ff ff ff ff ff   ................
34a0  ff ff ff ff ff ff ff ff ff ff ff ff ff ff ff ff   ................
34b0  ff ff ff ff ff ff ff ff ff ff ff ff ff ff ff ff   ................
34c0  ff ff ff ff ff ff ff ff ff ff ff ff ff ff ff ff   ................
34d0  ff ff ff ff ff ff ff ff ff ff ff ff ff ff ff ff   ................
34e0  ff ff ff ff ff ff ff ff ff ff ff ff ff ff ff ff   ................
34f0  ff ff ff ff ff ff ff ff ff ff ff ff ff ff ff ff   ................
3500  ff ff ff ff ff ff ff ff ff ff ff ff ff c6 ff ff   ................
3510  ff c6 ff ff ff c6 ff ff ff 09 ff ff ff 09 ff ff   ................
3520  ff 09 00 00 00 00 00 00 00 00 00 00 00 00 00 00   ................
3530  00 00 00 00 00 00 00 00 00 00 ff ff ff 06 ff ff   ................
3540  ff 06 ff ff ff 06 ff ff ff c3 ff ff ff c3 ff ff   ................
3550  ff c3 ff ff ff ff ff ff ff ff ff ff ff ff ff ff   ................
3560  ff ff ff ff ff ff ff ff ff ff ff ff ff ff ff ff   ................
3570  ff ff ff ff ff ff ff ff ff ff ff ff ff ff ff ff   ................
3580  ff ff ff ff ff ff ff ff ff ff ff ff ff ff ff ff   ................
3590  ff ff ff ff ff ff ff ff ff ff ff ff ff ff ff ff   ................
35a0  ff ff ff ff ff ff ff ff ff ff ff ff ff ff ff ff   ................
35b0  ff ff ff ff ff ff ff ff ff ff ff ff ff ff ff ff   ................
35c0  ff ff ff ff ff ff ff ff ff ff ff ff ff c6 ff ff   ................
35d0  ff c6 ff ff ff c6 ff ff ff 09 ff ff ff 09 ff ff   ................
35e0  ff 09 00 00 00 00 00 00 00 00 00 00 00 00 00 00   ................
35f0  00 00 00 00 00 00 00 00 00 00 00 00 00 00 00 00   ................
3600  00 00 00 00 00 00 ff ff ff 06 ff ff ff 06 ff ff   ................
3610  ff 06 ff ff ff 93 ff ff ff 93 ff ff ff 93 ff ff   ................
3620  ff ff ff ff ff ff ff ff ff ff ff ff ff ff ff ff   ................
3630  ff ff ff ff ff ff ff ff ff ff ff ff ff ff ff ff   ................
3640  ff ff ff ff ff ff ff ff ff ff ff ff ff ff ff ff   ................
3650  ff ff ff ff ff ff ff ff ff ff ff ff ff ff ff ff   ................
3660  ff ff ff ff ff ff ff ff ff ff ff ff ff ff ff ff   ................
3670  ff ff ff ff ff ff ff ff ff ff ff ff ff ff ff ff   ................
3680  ff 9f ff ff ff 9f ff ff ff 9f ff ff ff 09 ff ff   ................
3690  ff 09 ff ff ff 09 00 00 00 00 00 00 00 00 00 00   ................
36a0  00 00 00 00 00 00 00 00 00 00 00 00 00 00 00 00   ................
36b0  00 00 00 00 00 00 00 00 00 00 00 00 00 00 00 00   ................
36c0  00 00 00 00 00 00 ff ff ff 06 ff ff ff 06 ff ff   ................
36d0  ff 06 ff ff ff 93 ff ff ff 93 ff ff ff 93 ff ff   ................
36e0  ff ff ff ff ff ff ff ff ff ff ff ff ff ff ff ff   ................
36f0  ff ff ff ff ff ff ff ff ff ff ff ff ff ff ff ff   ................
3700  ff ff ff ff ff ff ff ff ff ff ff ff ff ff ff ff   ................
3710  ff ff ff ff ff ff ff ff ff ff ff ff ff ff ff ff   ................
3720  ff ff ff ff ff ff ff ff ff ff ff ff ff ff ff ff   ................
3730  ff ff ff ff ff ff ff ff ff ff ff ff ff ff ff ff   ................
3740  ff 9f ff ff ff 9f ff ff ff 9f ff ff ff 09 ff ff   ................
3750  ff 09 ff ff ff 09 00 00 00 00 00 00 00 00 00 00   ................
3760  00 00 00 00 00 00 00 00 00 00 00 00 00 00 00 00   ................
3770  00 00 00 00 00 00 00 00 00 00 00 00 00 00 00 00   ................
3780  00 00 00 00 00 00 ff ff ff 06 ff ff ff 06 ff ff   ................
3790  ff 06 ff ff ff 93 ff ff ff 93 ff ff ff 93 ff ff   ................
37a0  ff ff ff ff ff ff ff ff ff ff ff ff ff ff ff ff   ................
37b0  ff ff ff ff ff ff ff ff ff ff ff ff ff ff ff ff   ................
37c0  ff ff ff ff ff ff ff ff ff ff ff ff ff ff ff ff   ................
37d0  ff ff ff ff ff ff ff ff ff ff ff ff ff ff ff ff   ................
37e0  ff ff ff ff ff ff ff ff ff ff ff ff ff ff ff ff   ................
37f0  ff ff ff ff ff ff ff ff ff ff ff ff ff ff ff ff   ................
3800  ff 9f ff ff ff 9f ff ff ff 9f ff ff ff 09 ff ff   ................
3810  ff 09 ff ff ff 09 00 00 00 00 00 00 00 00 00 00   ................
3820  00 00 00 00 00 00 00 00 00 00 00 00 00 00 00 00   ................
3830  00 00 00 00 00 00 00 00 00 00 00 00 00 00 00 00   ................
3840  00 00 00 00 00 00 00 00 00 00 00 00 00 00 00 00   ................
3850  00 00 00 00 00 00 00 00 00 00 00 00 00 00 ff ff   ................
3860  ff 30 ff ff ff 30 ff ff ff 30 ff ff ff 93 ff ff   .0...0...0......
3870  ff 93 ff ff ff 93 ff ff ff d5 ff ff ff d5 ff ff   ................
3880  ff d5 ff ff ff ff ff ff ff ff ff ff ff ff ff ff   ................
3890  ff ff ff ff ff ff ff ff ff ff ff ff ff d8 ff ff   ................
38a0  ff d8 ff ff ff d8 ff ff ff 99 ff ff ff 99 ff ff   ................
38b0  ff 99 ff ff ff 33 ff ff ff 33 ff ff ff 33 00 00   .....3...3...3..
38c0  00 00 00 00 00 00 00 00 00 00 00 00 00 00 00 00   ................
38d0  00 00 00 00 00 00 00 00 00 00 00 00 00 00 00 00   ................
38e0  00 00 00 00 00 00 00 00 00 00 00 00 00 00 00 00   ................
38f0  00 00 00 00 00 00 00 00 00 00 00 00 00 00 00 00   ................
3900  00 00 00 00 00 00 00 00 00 00 00 00 00 00 00 00   ................
3910  00 00 00 00 00 00 00 00 00 00 00 00 00 00 ff ff   ................
3920  ff 30 ff ff ff 30 ff ff ff 30 ff ff ff 93 ff ff   .0...0...0......
3930  ff 93 ff ff ff 93 ff ff ff d5 ff ff ff d5 ff ff   ................
3940  ff d5 ff ff ff ff ff ff ff ff ff ff ff ff ff ff   ................
3950  ff ff ff ff ff ff ff ff ff ff ff ff ff d8 ff ff   ................
3960  ff d8 ff ff ff d8 ff ff ff 99 ff ff ff 99 ff ff   ................
3970  ff 99 ff ff ff 33 ff ff ff 33 ff ff ff 33 00 00   .....3...3...3..
3980  00 00 00 00 00 00 00 00 00 00 00 00 00 00 00 00   ................
3990  00 00 00 00 00 00 00 00 00 00 00 00 00 00 00 00   ................
39a0  00 00 00 00 00 00 00 00 00 00 00 00 00 00 00 00   ................
39b0  00 00 00 00 00 00 00 00 00 00 00 00 00 00 00 00   ................
39c0  00 00 00 00 00 00 00 00 00 00 00 00 00 00 00 00   ................
39d0  00 00 00 00 00 00 00 00 00 00 00 00 00 00 ff ff   ................
39e0  ff 30 ff ff ff 30 ff ff ff 30 ff ff ff 93 ff ff   .0...0...0......
39f0  ff 93 ff ff ff 93 ff ff ff d5 ff ff ff d5 ff ff   ................
3a00  ff d5 ff ff ff ff ff ff ff ff ff ff ff ff ff ff   ................
3a10  ff ff ff ff ff ff ff ff ff ff ff ff ff d8 ff ff   ................
3a20  ff d8 ff ff ff d8 ff ff ff 99 ff ff ff 99 ff ff   ................
3a30  ff 99 ff ff ff 33 ff ff ff 33 ff ff ff 33 00 00   .....3...3...3..
3a40  00 00 00 00 00 00 00 00 00 00 00 00 00 00 00 00   ................
3a50  00 00 00 00 00 00 00 00 00 00 00 00 00 00 00 00   ................
3a60  00 00 00 00 00 00 00 00 00 00 00 00 00 00 ff f0   ................
3a70  00 00 0f ff 00 00 ff f0 00 00 0f ff 00 00 ff f0   ................
3a80  00 00 0f ff 00 00 ff 80 00 00 01 ff 00 00 ff 80   ................
3a90  00 00 01 ff 00 00 ff 80 00 00 01 ff 00 00 e0 00   ................
3aa0  00 00 00 07 00 00 e0 00 00 00 00 07 00 00 e0 00   ................
3ab0  00 00 00 07 00 00 e0 00 00 00 00 07 00 00 e0 00   ................
3ac0  00 00 00 07 00 00 e0 00 00 00 00 07 00 00 00 00   ................
3ad0  00 00 00 00 00 00 00 00 00 00 00 00 00 00 00 00   ................
3ae0  00 00 00 00 00 00 00 00 00 00 00 00 00 00 00 00   ................
3af0  00 00 00 00 00 00 00 00 00 00 00 00 00 00 00 00   ................
3b00  00 00 00 00 00 00 00 00 00 00 00 00 00 00 00 00   ................
3b10  00 00 00 00 00 00 00 00 00 00 00 00 00 00 00 00   ................
3b20  00 00 00 00 00 00 00 00 00 00 00 00 00 00 00 00   ................
3b30  00 00 00 00 00 00 00 00 00 00 00 00 00 00 00 00   ................
3b40  00 00 00 00 00 00 00 00 00 00 00 00 00 00 00 00   ................
3b50  00 00 00 00 00 00 00 00 00 00 00 00 00 00 00 00   ................
3b60  00 00 00 00 00 00 00 00 00 00 00 00 00 00 00 00   ................
3b70  00 00 00 00 00 00 00 00 00 00 00 00 00 00 00 00   ................
3b80  00 00 00 00 00 00 00 00 00 00 00 00 00 00 e0 00   ................
3b90  00 00 00 07 00 00 e0 00 00 00 00 07 00 00 e0 00   ................
3ba0  00 00 00 07 00 00 e0 00 00 00 00 07 00 00 e0 00   ................
3bb0  00 00 00 07 00 00 e0 00 00 00 00 07 00 00 fc 00   ................
3bc0  00 00 00 3f 00 00 fc 00 00 00 00 3f 00 00 fc 00   ...?.......?....
3bd0  00 00 00 3f 00 00 ff f0 00 00 0f ff 00 00 ff f0   ...?............
3be0  00 00 0f ff 00 00 ff f0 00 00 0f ff 00 00         ..............
